{"/Users/angck/open-source/universe-vue-template/components/MyButton/MyButton.stories.ts": {"path":"/Users/angck/open-source/universe-vue-template/components/MyButton/MyButton.stories.ts","statementMap":{"0":{"start":{"line":15,"column":17},"end":{"line":21,"column":null}},"1":{"start":{"line":15,"column":33},"end":{"line":21,"column":null}},"2":{"start":{"line":18,"column":4},"end":{"line":18,"column":null}},"3":{"start":{"line":23,"column":18},"end":{"line":23,"column":null}},"4":{"start":{"line":24,"column":0},"end":{"line":28,"column":null}},"5":{"start":{"line":30,"column":18},"end":{"line":30,"column":null}},"6":{"start":{"line":31,"column":0},"end":{"line":35,"column":null}}},"fnMap":{"0":{"name":"(anonymous_0)","decl":{"start":{"line":15,"column":17},"end":{"line":15,"column":18}},"loc":{"start":{"line":15,"column":33},"end":{"line":21,"column":null}}},"1":{"name":"(anonymous_1)","decl":{"start":{"line":17,"column":2},"end":{"line":17,"column":10}},"loc":{"start":{"line":17,"column":10},"end":{"line":19,"column":null}}}},"branchMap":{},"s":{"0":0,"1":0,"2":0,"3":0,"4":0,"5":0,"6":0},"f":{"0":0,"1":0},"b":{}}
,"/Users/angck/open-source/universe-vue-template/components/MyButton/MyButton.vue": {"path":"/Users/angck/open-source/universe-vue-template/components/MyButton/MyButton.vue","statementMap":{"0":{"start":{"line":10,"column":14},"end":{"line":10,"column":null}},"1":{"start":{"line":21,"column":13},"end":{"line":21,"column":null}},"2":{"start":{"line":24,"column":2},"end":{"line":26,"column":null}},"3":{"start":{"line":25,"column":4},"end":{"line":25,"column":null}},"4":{"start":{"line":2,"column":2},"end":{"line":3,"column":null}}},"fnMap":{"0":{"name":"onClick","decl":{"start":{"line":23,"column":9},"end":{"line":23,"column":17}},"loc":{"start":{"line":23,"column":36},"end":{"line":27,"column":null}}}},"branchMap":{"0":{"loc":{"start":{"line":24,"column":2},"end":{"line":26,"column":null}},"type":"if","locations":[{"start":{"line":24,"column":2},"end":{"line":26,"column":null}},{"start":{},"end":{}}]}},"s":{"0":3,"1":3,"2":1,"3":1,"4":3},"f":{"0":1},"b":{"0":[1,0]}}
,"/Users/angck/open-source/universe-vue-template/playground/App.vue": {"path":"/Users/angck/open-source/universe-vue-template/playground/App.vue","statementMap":{"0":{"start":{"line":12,"column":2},"end":{"line":12,"column":null}},"1":{"start":{"line":2,"column":7},"end":{"line":2,"column":null}},"2":{"start":{"line":4,"column":33},"end":{"line":4,"column":44}}},"fnMap":{"0":{"name":"onClick","decl":{"start":{"line":11,"column":9},"end":{"line":11,"column":19}},"loc":{"start":{"line":11,"column":19},"end":{"line":13,"column":null}}},"1":{"name":"(anonymous_4)","decl":{"start":{"line":4,"column":31},"end":{"line":4,"column":33}},"loc":{"start":{"line":4,"column":33},"end":{"line":4,"column":44}}}},"branchMap":{"0":{"loc":{"start":{"line":5,"column":8},"end":{"line":3,"column":39}},"type":"binary-expr","locations":[{"start":{"line":5,"column":8},"end":{"line":5,"column":null}},{"start":{"line":5,"column":8},"end":{"line":3,"column":39}}]},"1":{"loc":{"start":{"line":4,"column":33},"end":{"line":4,"column":44}},"type":"binary-expr","locations":[{"start":{"line":4,"column":33},"end":{"line":4,"column":44}},{"start":{"line":4,"column":33},"end":{"line":4,"column":44}}]}},"s":{"0":0,"1":0,"2":0},"f":{"0":0,"1":0},"b":{"0":[0,0],"1":[0,0]}}
,"/Users/angck/open-source/universe-vue-template/playground/main.ts": {"path":"/Users/angck/open-source/universe-vue-template/playground/main.ts","statementMap":{"0":{"start":{"line":4,"column":0},"end":{"line":4,"column":null}}},"fnMap":{},"branchMap":{},"s":{"0":0},"f":{},"b":{}}
}
