{"/Users/angck/open-source/universe-vue-template/components/MyButton/MyButton.ce.ts": {"path":"/Users/angck/open-source/universe-vue-template/components/MyButton/MyButton.ce.ts","statementMap":{"0":{"start":{"line":5,"column":24},"end":{"line":5,"column":null}},"1":{"start":{"line":8,"column":0},"end":{"line":8,"column":null}}},"fnMap":{},"branchMap":{},"s":{"0":0,"1":0},"f":{},"b":{}}
,"/Users/angck/open-source/universe-vue-template/components/MyButton/MyButton.stories.ts": {"path":"/Users/angck/open-source/universe-vue-template/components/MyButton/MyButton.stories.ts","statementMap":{"0":{"start":{"line":15,"column":17},"end":{"line":21,"column":null}},"1":{"start":{"line":15,"column":33},"end":{"line":21,"column":null}},"2":{"start":{"line":18,"column":4},"end":{"line":18,"column":null}},"3":{"start":{"line":23,"column":18},"end":{"line":23,"column":null}},"4":{"start":{"line":24,"column":0},"end":{"line":28,"column":null}},"5":{"start":{"line":30,"column":18},"end":{"line":30,"column":null}},"6":{"start":{"line":31,"column":0},"end":{"line":35,"column":null}}},"fnMap":{"0":{"name":"(anonymous_0)","decl":{"start":{"line":15,"column":17},"end":{"line":15,"column":18}},"loc":{"start":{"line":15,"column":33},"end":{"line":21,"column":null}}},"1":{"name":"(anonymous_1)","decl":{"start":{"line":17,"column":2},"end":{"line":17,"column":10}},"loc":{"start":{"line":17,"column":10},"end":{"line":19,"column":null}}}},"branchMap":{},"s":{"0":0,"1":0,"2":0,"3":0,"4":0,"5":0,"6":0},"f":{"0":0,"1":0},"b":{}}
,"/Users/angck/open-source/universe-vue-template/components/MyButton/MyButton.vue": {"path":"/Users/angck/open-source/universe-vue-template/components/MyButton/MyButton.vue","statementMap":{"0":{"start":{"line":10,"column":14},"end":{"line":10,"column":null}},"1":{"start":{"line":21,"column":13},"end":{"line":21,"column":null}},"2":{"start":{"line":24,"column":2},"end":{"line":26,"column":null}},"3":{"start":{"line":25,"column":4},"end":{"line":25,"column":null}},"4":{"start":{"line":2,"column":2},"end":{"line":3,"column":null}}},"fnMap":{"0":{"name":"onClick","decl":{"start":{"line":23,"column":9},"end":{"line":23,"column":17}},"loc":{"start":{"line":23,"column":36},"end":{"line":27,"column":null}}}},"branchMap":{"0":{"loc":{"start":{"line":24,"column":2},"end":{"line":26,"column":null}},"type":"if","locations":[{"start":{"line":24,"column":2},"end":{"line":26,"column":null}},{"start":{},"end":{}}]}},"s":{"0":3,"1":3,"2":1,"3":1,"4":3},"f":{"0":1},"b":{"0":[1,0]}}
,"/Users/angck/open-source/universe-vue-template/components/theme/sync-theme.js": {"path":"/Users/angck/open-source/universe-vue-template/components/theme/sync-theme.js","statementMap":{"0":{"start":{"line":2,"column":11},"end":{"line":2,"column":24}},"1":{"start":{"line":3,"column":13},"end":{"line":3,"column":28}},"2":{"start":{"line":5,"column":18},"end":{"line":5,"column":73}},"3":{"start":{"line":6,"column":15},"end":{"line":6,"column":39}},"4":{"start":{"line":9,"column":15},"end":{"line":12,"column":3}},"5":{"start":{"line":13,"column":2},"end":{"line":13,"column":null}},"6":{"start":{"line":14,"column":2},"end":{"line":14,"column":null}},"7":{"start":{"line":17,"column":0},"end":{"line":19,"column":null}},"8":{"start":{"line":18,"column":2},"end":{"line":18,"column":null}},"9":{"start":{"line":21,"column":0},"end":{"line":21,"column":null}}},"fnMap":{"0":{"name":"syncTheme","decl":{"start":{"line":8,"column":9},"end":{"line":8,"column":18}},"loc":{"start":{"line":8,"column":21},"end":{"line":15,"column":null}}}},"branchMap":{"0":{"loc":{"start":{"line":17,"column":0},"end":{"line":19,"column":null}},"type":"if","locations":[{"start":{"line":17,"column":0},"end":{"line":19,"column":null}},{"start":{},"end":{}}]}},"s":{"0":0,"1":0,"2":0,"3":0,"4":0,"5":0,"6":0,"7":0,"8":0,"9":0},"f":{"0":0},"b":{"0":[0,0]}}
,"/Users/angck/open-source/universe-vue-template/playground/App.vue": {"path":"/Users/angck/open-source/universe-vue-template/playground/App.vue","statementMap":{"0":{"start":{"line":16,"column":2},"end":{"line":16,"column":null}},"1":{"start":{"line":20,"column":15},"end":{"line":20,"column":null}},"2":{"start":{"line":21,"column":2},"end":{"line":33,"column":null}},"3":{"start":{"line":22,"column":4},"end":{"line":22,"column":null}},"4":{"start":{"line":23,"column":4},"end":{"line":23,"column":null}},"5":{"start":{"line":24,"column":4},"end":{"line":24,"column":null}},"6":{"start":{"line":25,"column":4},"end":{"line":25,"column":null}},"7":{"start":{"line":26,"column":4},"end":{"line":26,"column":null}},"8":{"start":{"line":28,"column":4},"end":{"line":28,"column":null}},"9":{"start":{"line":29,"column":4},"end":{"line":29,"column":null}},"10":{"start":{"line":30,"column":4},"end":{"line":30,"column":null}},"11":{"start":{"line":31,"column":4},"end":{"line":31,"column":null}},"12":{"start":{"line":32,"column":4},"end":{"line":32,"column":null}},"13":{"start":{"line":2,"column":7},"end":{"line":2,"column":null}},"14":{"start":{"line":4,"column":9},"end":{"line":4,"column":null}},"15":{"start":{"line":5,"column":22},"end":{"line":5,"column":43}},"16":{"start":{"line":6,"column":22},"end":{"line":6,"column":42}},"17":{"start":{"line":8,"column":33},"end":{"line":8,"column":44}}},"fnMap":{"0":{"name":"onClick","decl":{"start":{"line":15,"column":9},"end":{"line":15,"column":19}},"loc":{"start":{"line":15,"column":19},"end":{"line":17,"column":null}}},"1":{"name":"setTheme","decl":{"start":{"line":19,"column":9},"end":{"line":19,"column":18}},"loc":{"start":{"line":19,"column":46},"end":{"line":34,"column":null}}},"2":{"name":"(anonymous_5)","decl":{"start":{"line":5,"column":20},"end":{"line":5,"column":22}},"loc":{"start":{"line":5,"column":22},"end":{"line":5,"column":43}}},"3":{"name":"(anonymous_6)","decl":{"start":{"line":6,"column":20},"end":{"line":6,"column":22}},"loc":{"start":{"line":6,"column":22},"end":{"line":6,"column":42}}},"4":{"name":"(anonymous_7)","decl":{"start":{"line":8,"column":31},"end":{"line":8,"column":33}},"loc":{"start":{"line":8,"column":33},"end":{"line":8,"column":44}}}},"branchMap":{"0":{"loc":{"start":{"line":21,"column":2},"end":{"line":33,"column":null}},"type":"if","locations":[{"start":{"line":21,"column":2},"end":{"line":33,"column":null}},{"start":{"line":27,"column":9},"end":{"line":33,"column":null}}]},"1":{"loc":{"start":{"line":9,"column":8},"end":{"line":3,"column":39}},"type":"binary-expr","locations":[{"start":{"line":9,"column":8},"end":{"line":9,"column":null}},{"start":{"line":9,"column":8},"end":{"line":3,"column":39}}]},"2":{"loc":{"start":{"line":5,"column":20},"end":{"line":5,"column":43}},"type":"binary-expr","locations":[{"start":{"line":5,"column":20},"end":{"line":5,"column":22}},{"start":{"line":5,"column":20},"end":{"line":5,"column":43}}]},"3":{"loc":{"start":{"line":6,"column":20},"end":{"line":6,"column":42}},"type":"binary-expr","locations":[{"start":{"line":6,"column":20},"end":{"line":6,"column":22}},{"start":{"line":6,"column":20},"end":{"line":6,"column":42}}]},"4":{"loc":{"start":{"line":8,"column":33},"end":{"line":8,"column":44}},"type":"binary-expr","locations":[{"start":{"line":8,"column":33},"end":{"line":8,"column":44}},{"start":{"line":8,"column":33},"end":{"line":8,"column":44}}]}},"s":{"0":0,"1":0,"2":0,"3":0,"4":0,"5":0,"6":0,"7":0,"8":0,"9":0,"10":0,"11":0,"12":0,"13":0,"14":0,"15":0,"16":0,"17":0},"f":{"0":0,"1":0,"2":0,"3":0,"4":0},"b":{"0":[0,0],"1":[0,0],"2":[0,0],"3":[0,0],"4":[0,0]}}
,"/Users/angck/open-source/universe-vue-template/playground/main.ts": {"path":"/Users/angck/open-source/universe-vue-template/playground/main.ts","statementMap":{"0":{"start":{"line":5,"column":0},"end":{"line":5,"column":null}}},"fnMap":{},"branchMap":{},"s":{"0":0},"f":{},"b":{}}
,"/Users/angck/open-source/universe-vue-template/playground/dist/assets/index-BK-GKGgj.js": {"path":"/Users/angck/open-source/universe-vue-template/playground/dist/assets/index-BK-GKGgj.js","statementMap":{"0":{"start":{"line":1,"column":0},"end":{"line":1,"column":710}},"1":{"start":{"line":1,"column":20},"end":{"line":1,"column":58}},"2":{"start":{"line":1,"column":59},"end":{"line":1,"column":112}},"3":{"start":{"line":1,"column":105},"end":{"line":1,"column":112}},"4":{"start":{"line":1,"column":112},"end":{"line":1,"column":187}},"5":{"start":{"line":1,"column":182},"end":{"line":1,"column":187}},"6":{"start":{"line":1,"column":187},"end":{"line":1,"column":377}},"7":{"start":{"line":1,"column":212},"end":{"line":1,"column":330}},"8":{"start":{"line":1,"column":229},"end":{"line":1,"column":330}},"9":{"start":{"line":1,"column":253},"end":{"line":1,"column":330}},"10":{"start":{"line":1,"column":281},"end":{"line":1,"column":330}},"11":{"start":{"line":1,"column":399},"end":{"line":1,"column":401}},"12":{"start":{"line":1,"column":402},"end":{"line":1,"column":638}},"13":{"start":{"line":1,"column":653},"end":{"line":1,"column":668}},"14":{"start":{"line":1,"column":661},"end":{"line":1,"column":668}},"15":{"start":{"line":1,"column":668},"end":{"line":1,"column":676}},"16":{"start":{"line":1,"column":684},"end":{"line":1,"column":688}},"17":{"start":{"line":1,"column":689},"end":{"line":1,"column":704}},"18":{"start":{"line":5,"column":53},"end":{"line":5,"column":72}},"19":{"start":{"line":5,"column":73},"end":{"line":5,"column":108}},"20":{"start":{"line":5,"column":101},"end":{"line":5,"column":108}},"21":{"start":{"line":5,"column":108},"end":{"line":5,"column":124}},"22":{"start":{"line":5,"column":118},"end":{"line":5,"column":124}},"23":{"start":{"line":5,"column":133},"end":{"line":5,"column":135}},"24":{"start":{"line":5,"column":139},"end":{"line":5,"column":141}},"25":{"start":{"line":5,"column":145},"end":{"line":5,"column":151}},"26":{"start":{"line":5,"column":155},"end":{"line":5,"column":161}},"27":{"start":{"line":5,"column":159},"end":{"line":5,"column":161}},"28":{"start":{"line":5,"column":165},"end":{"line":5,"column":255}},"29":{"start":{"line":5,"column":168},"end":{"line":5,"column":255}},"30":{"start":{"line":5,"column":259},"end":{"line":5,"column":287}},"31":{"start":{"line":5,"column":262},"end":{"line":5,"column":287}},"32":{"start":{"line":5,"column":290},"end":{"line":5,"column":303}},"33":{"start":{"line":5,"column":307},"end":{"line":5,"column":356}},"34":{"start":{"line":5,"column":323},"end":{"line":5,"column":335}},"35":{"start":{"line":5,"column":336},"end":{"line":5,"column":355}},"36":{"start":{"line":5,"column":360},"end":{"line":5,"column":391}},"37":{"start":{"line":5,"column":394},"end":{"line":5,"column":413}},"38":{"start":{"line":5,"column":401},"end":{"line":5,"column":413}},"39":{"start":{"line":5,"column":416},"end":{"line":5,"column":429}},"40":{"start":{"line":5,"column":433},"end":{"line":5,"column":458}},"41":{"start":{"line":5,"column":436},"end":{"line":5,"column":458}},"42":{"start":{"line":5,"column":462},"end":{"line":5,"column":487}},"43":{"start":{"line":5,"column":465},"end":{"line":5,"column":487}},"44":{"start":{"line":5,"column":490},"end":{"line":5,"column":513}},"45":{"start":{"line":5,"column":493},"end":{"line":5,"column":513}},"46":{"start":{"line":5,"column":516},"end":{"line":5,"column":537}},"47":{"start":{"line":5,"column":519},"end":{"line":5,"column":537}},"48":{"start":{"line":5,"column":541},"end":{"line":5,"column":562}},"49":{"start":{"line":5,"column":544},"end":{"line":5,"column":562}},"50":{"start":{"line":5,"column":565},"end":{"line":5,"column":596}},"51":{"start":{"line":5,"column":568},"end":{"line":5,"column":596}},"52":{"start":{"line":5,"column":600},"end":{"line":5,"column":638}},"53":{"start":{"line":5,"column":603},"end":{"line":5,"column":638}},"54":{"start":{"line":5,"column":642},"end":{"line":5,"column":667}},"55":{"start":{"line":5,"column":671},"end":{"line":5,"column":684}},"56":{"start":{"line":5,"column":674},"end":{"line":5,"column":684}},"57":{"start":{"line":5,"column":688},"end":{"line":5,"column":708}},"58":{"start":{"line":5,"column":691},"end":{"line":5,"column":708}},"59":{"start":{"line":5,"column":712},"end":{"line":5,"column":740}},"60":{"start":{"line":5,"column":715},"end":{"line":5,"column":740}},"61":{"start":{"line":5,"column":744},"end":{"line":5,"column":797}},"62":{"start":{"line":5,"column":747},"end":{"line":5,"column":797}},"63":{"start":{"line":5,"column":801},"end":{"line":5,"column":938}},"64":{"start":{"line":5,"column":942},"end":{"line":5,"column":1002}},"65":{"start":{"line":5,"column":954},"end":{"line":5,"column":973}},"66":{"start":{"line":5,"column":974},"end":{"line":5,"column":1001}},"67":{"start":{"line":5,"column":984},"end":{"line":5,"column":1001}},"68":{"start":{"line":5,"column":1006},"end":{"line":5,"column":1014}},"69":{"start":{"line":5,"column":1018},"end":{"line":5,"column":1066}},"70":{"start":{"line":5,"column":1024},"end":{"line":5,"column":1065}},"71":{"start":{"line":5,"column":1044},"end":{"line":5,"column":1064}},"72":{"start":{"line":5,"column":1070},"end":{"line":5,"column":1082}},"73":{"start":{"line":5,"column":1086},"end":{"line":5,"column":1126}},"74":{"start":{"line":5,"column":1092},"end":{"line":5,"column":1125}},"75":{"start":{"line":5,"column":1130},"end":{"line":5,"column":1173}},"76":{"start":{"line":5,"column":1136},"end":{"line":5,"column":1172}},"77":{"start":{"line":5,"column":1177},"end":{"line":5,"column":1201}},"78":{"start":{"line":5,"column":1183},"end":{"line":5,"column":1200}},"79":{"start":{"line":5,"column":1205},"end":{"line":5,"column":1227}},"80":{"start":{"line":5,"column":1212},"end":{"line":5,"column":1227}},"81":{"start":{"line":5,"column":1231},"end":{"line":5,"column":1280}},"82":{"start":{"line":5,"column":1242},"end":{"line":5,"column":1279}},"83":{"start":{"line":5,"column":1252},"end":{"line":5,"column":1253}},"84":{"start":{"line":5,"column":1269},"end":{"line":5,"column":1279}},"85":{"start":{"line":5,"column":1284},"end":{"line":5,"column":1377}},"86":{"start":{"line":5,"column":1299},"end":{"line":5,"column":1376}},"87":{"start":{"line":5,"column":1381},"end":{"line":5,"column":1427}},"88":{"start":{"line":5,"column":1393},"end":{"line":5,"column":1406}},"89":{"start":{"line":5,"column":1407},"end":{"line":5,"column":1426}},"90":{"start":{"line":5,"column":1444},"end":{"line":5,"column":1563}},"91":{"start":{"line":5,"column":1448},"end":{"line":5,"column":1563}},"92":{"start":{"line":5,"column":1579},"end":{"line":5,"column":1727}},"93":{"start":{"line":5,"column":1596},"end":{"line":5,"column":1598}},"94":{"start":{"line":5,"column":1599},"end":{"line":5,"column":1691}},"95":{"start":{"line":5,"column":1609},"end":{"line":5,"column":1610}},"96":{"start":{"line":5,"column":1635},"end":{"line":5,"column":1639}},"97":{"start":{"line":5,"column":1642},"end":{"line":5,"column":1658}},"98":{"start":{"line":5,"column":1659},"end":{"line":5,"column":1690}},"99":{"start":{"line":5,"column":1664},"end":{"line":5,"column":1690}},"100":{"start":{"line":5,"column":1681},"end":{"line":5,"column":1690}},"101":{"start":{"line":5,"column":1691},"end":{"line":5,"column":1699}},"102":{"start":{"line":5,"column":1705},"end":{"line":5,"column":1727}},"103":{"start":{"line":5,"column":1719},"end":{"line":5,"column":1727}},"104":{"start":{"line":5,"column":1737},"end":{"line":5,"column":1752}},"105":{"start":{"line":5,"column":1756},"end":{"line":5,"column":1765}},"106":{"start":{"line":5,"column":1769},"end":{"line":5,"column":1785}},"107":{"start":{"line":5,"column":1809},"end":{"line":5,"column":1811}},"108":{"start":{"line":5,"column":1812},"end":{"line":5,"column":1929}},"109":{"start":{"line":5,"column":1858},"end":{"line":5,"column":1925}},"110":{"start":{"line":5,"column":1872},"end":{"line":5,"column":1883}},"111":{"start":{"line":5,"column":1884},"end":{"line":5,"column":1924}},"112":{"start":{"line":5,"column":1951},"end":{"line":5,"column":1953}},"113":{"start":{"line":5,"column":1954},"end":{"line":5,"column":2085}},"114":{"start":{"line":5,"column":1962},"end":{"line":5,"column":1966}},"115":{"start":{"line":5,"column":1971},"end":{"line":5,"column":2085}},"116":{"start":{"line":5,"column":1979},"end":{"line":5,"column":2038}},"117":{"start":{"line":5,"column":1989},"end":{"line":5,"column":1990}},"118":{"start":{"line":5,"column":2015},"end":{"line":5,"column":2023}},"119":{"start":{"line":5,"column":2024},"end":{"line":5,"column":2037}},"120":{"start":{"line":5,"column":2043},"end":{"line":5,"column":2085}},"121":{"start":{"line":5,"column":2051},"end":{"line":5,"column":2085}},"122":{"start":{"line":5,"column":2068},"end":{"line":5,"column":2085}},"123":{"start":{"line":5,"column":2085},"end":{"line":5,"column":2100}},"124":{"start":{"line":5,"column":2110},"end":{"line":5,"column":2187}},"125":{"start":{"line":5,"column":2191},"end":{"line":5,"column":2197}},"126":{"start":{"line":5,"column":2213},"end":{"line":5,"column":2230}},"127":{"start":{"line":9,"column":37},"end":{"line":9,"column":207}},"128":{"start":{"line":9,"column":221},"end":{"line":9,"column":240}},"129":{"start":{"line":9,"column":249},"end":{"line":9,"column":429}},"130":{"start":{"line":9,"column":266},"end":{"line":9,"column":284}},"131":{"start":{"line":9,"column":292},"end":{"line":9,"column":367}},"132":{"start":{"line":9,"column":307},"end":{"line":9,"column":367}},"133":{"start":{"line":9,"column":344},"end":{"line":9,"column":367}},"134":{"start":{"line":9,"column":367},"end":{"line":9,"column":428}},"135":{"start":{"line":9,"column":405},"end":{"line":9,"column":428}},"136":{"start":{"line":9,"column":439},"end":{"line":9,"column":637}},"137":{"start":{"line":9,"column":472},"end":{"line":9,"column":490}},"138":{"start":{"line":9,"column":498},"end":{"line":9,"column":574}},"139":{"start":{"line":9,"column":513},"end":{"line":9,"column":574}},"140":{"start":{"line":9,"column":550},"end":{"line":9,"column":574}},"141":{"start":{"line":9,"column":574},"end":{"line":9,"column":636}},"142":{"start":{"line":9,"column":612},"end":{"line":9,"column":636}},"143":{"start":{"line":9,"column":645},"end":{"line":9,"column":710}},"144":{"start":{"line":9,"column":670},"end":{"line":9,"column":672}},"145":{"start":{"line":9,"column":673},"end":{"line":9,"column":709}},"146":{"start":{"line":9,"column":677},"end":{"line":9,"column":695}},"147":{"start":{"line":9,"column":704},"end":{"line":9,"column":708}},"148":{"start":{"line":9,"column":716},"end":{"line":9,"column":759}},"149":{"start":{"line":9,"column":766},"end":{"line":9,"column":835}},"150":{"start":{"line":9,"column":844},"end":{"line":9,"column":1302}},"151":{"start":{"line":9,"column":861},"end":{"line":9,"column":877}},"152":{"start":{"line":9,"column":885},"end":{"line":9,"column":946}},"153":{"start":{"line":9,"column":923},"end":{"line":9,"column":946}},"154":{"start":{"line":9,"column":946},"end":{"line":9,"column":1026}},"155":{"start":{"line":9,"column":1007},"end":{"line":9,"column":1026}},"156":{"start":{"line":9,"column":1026},"end":{"line":9,"column":1147}},"157":{"start":{"line":9,"column":1065},"end":{"line":9,"column":1126}},"158":{"start":{"line":9,"column":1102},"end":{"line":9,"column":1126}},"159":{"start":{"line":9,"column":1126},"end":{"line":9,"column":1146}},"160":{"start":{"line":9,"column":1147},"end":{"line":9,"column":1283}},"161":{"start":{"line":9,"column":1191},"end":{"line":9,"column":1215}},"162":{"start":{"line":9,"column":1216},"end":{"line":9,"column":1282}},"163":{"start":{"line":9,"column":1283},"end":{"line":9,"column":1301}},"164":{"start":{"line":9,"column":1318},"end":{"line":9,"column":1327}},"165":{"start":{"line":9,"column":1343},"end":{"line":9,"column":1354}},"166":{"start":{"line":9,"column":1379},"end":{"line":9,"column":1535}},"167":{"start":{"line":9,"column":1544},"end":{"line":9,"column":1558}},"168":{"start":{"line":9,"column":1568},"end":{"line":9,"column":1647}},"169":{"start":{"line":9,"column":1657},"end":{"line":9,"column":1711}},"170":{"start":{"line":9,"column":1718},"end":{"line":9,"column":1754}},"171":{"start":{"line":9,"column":1737},"end":{"line":9,"column":1754}},"172":{"start":{"line":9,"column":1754},"end":{"line":9,"column":1786}},"173":{"start":{"line":9,"column":1794},"end":{"line":9,"column":1795}},"174":{"start":{"line":9,"column":1798},"end":{"line":9,"column":1800}},"175":{"start":{"line":9,"column":1801},"end":{"line":9,"column":1814}},"176":{"start":{"line":9,"column":1814},"end":{"line":9,"column":1876}},"177":{"start":{"line":9,"column":1818},"end":{"line":9,"column":1834}},"178":{"start":{"line":9,"column":1843},"end":{"line":9,"column":1875}},"179":{"start":{"line":9,"column":1884},"end":{"line":9,"column":2023}},"180":{"start":{"line":9,"column":1901},"end":{"line":9,"column":1941}},"181":{"start":{"line":9,"column":1911},"end":{"line":9,"column":1920}},"182":{"start":{"line":9,"column":1935},"end":{"line":9,"column":1941}},"183":{"start":{"line":9,"column":1941},"end":{"line":9,"column":2022}},"184":{"start":{"line":9,"column":2034},"end":{"line":9,"column":2110}},"185":{"start":{"line":9,"column":2124},"end":{"line":9,"column":2144}},"186":{"start":{"line":9,"column":2157},"end":{"line":9,"column":2172}},"187":{"start":{"line":9,"column":2181},"end":{"line":9,"column":2182}},"188":{"start":{"line":9,"column":2209},"end":{"line":9,"column":2248}},"189":{"start":{"line":9,"column":2226},"end":{"line":9,"column":2241}},"190":{"start":{"line":9,"column":2241},"end":{"line":9,"column":2247}},"191":{"start":{"line":9,"column":2248},"end":{"line":9,"column":2262}},"192":{"start":{"line":9,"column":2277},"end":{"line":9,"column":2281}},"193":{"start":{"line":9,"column":2296},"end":{"line":9,"column":2313}},"194":{"start":{"line":9,"column":2306},"end":{"line":9,"column":2313}},"195":{"start":{"line":9,"column":2313},"end":{"line":9,"column":2393}},"196":{"start":{"line":9,"column":2326},"end":{"line":9,"column":2328}},"197":{"start":{"line":9,"column":2329},"end":{"line":9,"column":2392}},"198":{"start":{"line":9,"column":2355},"end":{"line":9,"column":2361}},"199":{"start":{"line":9,"column":2362},"end":{"line":9,"column":2391}},"200":{"start":{"line":9,"column":2399},"end":{"line":9,"column":2529}},"201":{"start":{"line":9,"column":2415},"end":{"line":9,"column":2417}},"202":{"start":{"line":9,"column":2418},"end":{"line":9,"column":2528}},"203":{"start":{"line":9,"column":2444},"end":{"line":9,"column":2450}},"204":{"start":{"line":9,"column":2451},"end":{"line":9,"column":2524}},"205":{"start":{"line":9,"column":2490},"end":{"line":9,"column":2524}},"206":{"start":{"line":9,"column":2494},"end":{"line":9,"column":2505}},"207":{"start":{"line":9,"column":2515},"end":{"line":9,"column":2523}},"208":{"start":{"line":9,"column":2524},"end":{"line":9,"column":2527}},"209":{"start":{"line":9,"column":2529},"end":{"line":9,"column":2541}},"210":{"start":{"line":9,"column":2534},"end":{"line":9,"column":2541}},"211":{"start":{"line":9,"column":2557},"end":{"line":9,"column":2653}},"212":{"start":{"line":9,"column":2567},"end":{"line":9,"column":2573}},"213":{"start":{"line":9,"column":2588},"end":{"line":9,"column":2653}},"214":{"start":{"line":9,"column":2677},"end":{"line":9,"column":2687}},"215":{"start":{"line":9,"column":2690},"end":{"line":9,"column":2691}},"216":{"start":{"line":9,"column":2692},"end":{"line":9,"column":2827}},"217":{"start":{"line":9,"column":2709},"end":{"line":9,"column":2718}},"218":{"start":{"line":9,"column":2719},"end":{"line":9,"column":2826}},"219":{"start":{"line":9,"column":2827},"end":{"line":9,"column":2848}},"220":{"start":{"line":9,"column":2864},"end":{"line":9,"column":2998}},"221":{"start":{"line":9,"column":2874},"end":{"line":9,"column":2880}},"222":{"start":{"line":9,"column":2895},"end":{"line":9,"column":2998}},"223":{"start":{"line":9,"column":2989},"end":{"line":9,"column":2998}},"224":{"start":{"line":9,"column":2998},"end":{"line":9,"column":3014}},"225":{"start":{"line":9,"column":3030},"end":{"line":9,"column":3176}},"226":{"start":{"line":9,"column":3169},"end":{"line":9,"column":3176}},"227":{"start":{"line":9,"column":3176},"end":{"line":9,"column":3187}},"228":{"start":{"line":9,"column":3195},"end":{"line":9,"column":3200}},"229":{"start":{"line":9,"column":3203},"end":{"line":9,"column":3204}},"230":{"start":{"line":9,"column":3207},"end":{"line":9,"column":3209}},"231":{"start":{"line":9,"column":3210},"end":{"line":9,"column":3220}},"232":{"start":{"line":9,"column":3220},"end":{"line":9,"column":3388}},"233":{"start":{"line":9,"column":3224},"end":{"line":9,"column":3230}},"234":{"start":{"line":9,"column":3238},"end":{"line":9,"column":3252}},"235":{"start":{"line":9,"column":3253},"end":{"line":9,"column":3323}},"236":{"start":{"line":9,"column":3333},"end":{"line":9,"column":3352}},"237":{"start":{"line":9,"column":3361},"end":{"line":9,"column":3387}},"238":{"start":{"line":9,"column":3442},"end":{"line":9,"column":3443}},"239":{"start":{"line":9,"column":3444},"end":{"line":9,"column":3624}},"240":{"start":{"line":9,"column":3554},"end":{"line":9,"column":3575}},"241":{"start":{"line":9,"column":3575},"end":{"line":9,"column":3623}},"242":{"start":{"line":9,"column":3585},"end":{"line":9,"column":3600}},"243":{"start":{"line":9,"column":3615},"end":{"line":9,"column":3623}},"244":{"start":{"line":9,"column":3624},"end":{"line":9,"column":3663}},"245":{"start":{"line":9,"column":3706},"end":{"line":9,"column":3707}},"246":{"start":{"line":9,"column":3708},"end":{"line":9,"column":3775}},"247":{"start":{"line":9,"column":3783},"end":{"line":9,"column":3785}},"248":{"start":{"line":9,"column":3795},"end":{"line":9,"column":3797}},"249":{"start":{"line":9,"column":3812},"end":{"line":9,"column":3829}},"250":{"start":{"line":9,"column":3852},"end":{"line":9,"column":3860}},"251":{"start":{"line":9,"column":3861},"end":{"line":9,"column":3879}},"252":{"start":{"line":9,"column":3912},"end":{"line":9,"column":3913}},"253":{"start":{"line":9,"column":3914},"end":{"line":9,"column":3977}},"254":{"start":{"line":9,"column":3945},"end":{"line":9,"column":3946}},"255":{"start":{"line":9,"column":3947},"end":{"line":9,"column":3956}},"256":{"start":{"line":9,"column":3956},"end":{"line":9,"column":3976}},"257":{"start":{"line":9,"column":3960},"end":{"line":9,"column":3963}},"258":{"start":{"line":9,"column":3972},"end":{"line":9,"column":3975}},"259":{"start":{"line":9,"column":3985},"end":{"line":9,"column":3986}},"260":{"start":{"line":9,"column":4013},"end":{"line":9,"column":4136}},"261":{"start":{"line":9,"column":4162},"end":{"line":9,"column":4291}},"262":{"start":{"line":9,"column":4301},"end":{"line":9,"column":4338}},"263":{"start":{"line":9,"column":4331},"end":{"line":9,"column":4338}},"264":{"start":{"line":9,"column":4344},"end":{"line":9,"column":4359}},"265":{"start":{"line":9,"column":4360},"end":{"line":9,"column":4734}},"266":{"start":{"line":9,"column":4385},"end":{"line":9,"column":4508}},"267":{"start":{"line":9,"column":4513},"end":{"line":9,"column":4734}},"268":{"start":{"line":9,"column":4576},"end":{"line":9,"column":4585}},"269":{"start":{"line":9,"column":4586},"end":{"line":9,"column":4733}},"270":{"start":{"line":9,"column":4734},"end":{"line":9,"column":4742}},"271":{"start":{"line":9,"column":4754},"end":{"line":9,"column":4788}},"272":{"start":{"line":9,"column":4799},"end":{"line":9,"column":4804}},"273":{"start":{"line":9,"column":4804},"end":{"line":9,"column":4890}},"274":{"start":{"line":9,"column":4808},"end":{"line":9,"column":4876}},"275":{"start":{"line":9,"column":4818},"end":{"line":9,"column":4827}},"276":{"start":{"line":9,"column":4842},"end":{"line":9,"column":4876}},"277":{"start":{"line":9,"column":4885},"end":{"line":9,"column":4889}},"278":{"start":{"line":9,"column":4907},"end":{"line":9,"column":5097}},"279":{"start":{"line":9,"column":4944},"end":{"line":9,"column":4958}},"280":{"start":{"line":9,"column":4959},"end":{"line":9,"column":5027}},"281":{"start":{"line":9,"column":4978},"end":{"line":9,"column":4990}},"282":{"start":{"line":9,"column":4990},"end":{"line":9,"column":5026}},"283":{"start":{"line":9,"column":5000},"end":{"line":9,"column":5006}},"284":{"start":{"line":9,"column":5021},"end":{"line":9,"column":5026}},"285":{"start":{"line":9,"column":5035},"end":{"line":9,"column":5045}},"286":{"start":{"line":9,"column":5046},"end":{"line":9,"column":5096}},"287":{"start":{"line":9,"column":5107},"end":{"line":9,"column":5118}},"288":{"start":{"line":9,"column":5122},"end":{"line":9,"column":5132}},"289":{"start":{"line":9,"column":5136},"end":{"line":9,"column":5146}},"290":{"start":{"line":9,"column":5150},"end":{"line":9,"column":5160}},"291":{"start":{"line":9,"column":5179},"end":{"line":9,"column":5292}},"292":{"start":{"line":9,"column":5195},"end":{"line":9,"column":5204}},"293":{"start":{"line":9,"column":5205},"end":{"line":9,"column":5228}},"294":{"start":{"line":9,"column":5234},"end":{"line":9,"column":5242}},"295":{"start":{"line":9,"column":5243},"end":{"line":9,"column":5291}},"296":{"start":{"line":9,"column":5326},"end":{"line":9,"column":5335}},"297":{"start":{"line":9,"column":5336},"end":{"line":9,"column":5355}},"298":{"start":{"line":9,"column":5343},"end":{"line":9,"column":5348}},"299":{"start":{"line":9,"column":5348},"end":{"line":9,"column":5354}},"300":{"start":{"line":9,"column":5363},"end":{"line":9,"column":5382}},"301":{"start":{"line":9,"column":5367},"end":{"line":9,"column":5381}},"302":{"start":{"line":9,"column":5383},"end":{"line":9,"column":5787}},"303":{"start":{"line":9,"column":5403},"end":{"line":9,"column":5416}},"304":{"start":{"line":9,"column":5429},"end":{"line":9,"column":5433}},"305":{"start":{"line":9,"column":5436},"end":{"line":9,"column":5444}},"306":{"start":{"line":9,"column":5445},"end":{"line":9,"column":5786}},"307":{"start":{"line":9,"column":5473},"end":{"line":9,"column":5482}},"308":{"start":{"line":9,"column":5483},"end":{"line":9,"column":5545}},"309":{"start":{"line":9,"column":5501},"end":{"line":9,"column":5543}},"310":{"start":{"line":9,"column":5551},"end":{"line":9,"column":5786}},"311":{"start":{"line":9,"column":5628},"end":{"line":9,"column":5687}},"312":{"start":{"line":9,"column":5687},"end":{"line":9,"column":5693}},"313":{"start":{"line":9,"column":5706},"end":{"line":9,"column":5744}},"314":{"start":{"line":9,"column":5744},"end":{"line":9,"column":5750}},"315":{"start":{"line":9,"column":5760},"end":{"line":9,"column":5780}},"316":{"start":{"line":9,"column":5780},"end":{"line":9,"column":5785}},"317":{"start":{"line":9,"column":5787},"end":{"line":9,"column":5791}},"318":{"start":{"line":9,"column":5815},"end":{"line":9,"column":5819}},"319":{"start":{"line":9,"column":5820},"end":{"line":9,"column":5872}},"320":{"start":{"line":9,"column":5888},"end":{"line":9,"column":5919}},"321":{"start":{"line":9,"column":5929},"end":{"line":9,"column":7288}},"322":{"start":{"line":9,"column":5965},"end":{"line":9,"column":5999}},"323":{"start":{"line":9,"column":6014},"end":{"line":9,"column":6063}},"324":{"start":{"line":9,"column":6049},"end":{"line":9,"column":6061}},"325":{"start":{"line":9,"column":6075},"end":{"line":9,"column":6121}},"326":{"start":{"line":9,"column":6104},"end":{"line":9,"column":6119}},"327":{"start":{"line":9,"column":6134},"end":{"line":9,"column":6178}},"328":{"start":{"line":9,"column":6192},"end":{"line":9,"column":6243}},"329":{"start":{"line":9,"column":6223},"end":{"line":9,"column":6232}},"330":{"start":{"line":9,"column":6255},"end":{"line":9,"column":6294}},"331":{"start":{"line":9,"column":6311},"end":{"line":9,"column":6359}},"332":{"start":{"line":9,"column":6375},"end":{"line":9,"column":6418}},"333":{"start":{"line":9,"column":6439},"end":{"line":9,"column":6491}},"334":{"start":{"line":9,"column":6506},"end":{"line":9,"column":6552}},"335":{"start":{"line":9,"column":6569},"end":{"line":9,"column":6597}},"336":{"start":{"line":9,"column":6613},"end":{"line":9,"column":6640}},"337":{"start":{"line":9,"column":6650},"end":{"line":9,"column":6673}},"338":{"start":{"line":9,"column":6693},"end":{"line":9,"column":6724}},"339":{"start":{"line":9,"column":6735},"end":{"line":9,"column":6777}},"340":{"start":{"line":9,"column":6785},"end":{"line":9,"column":6806}},"341":{"start":{"line":9,"column":6819},"end":{"line":9,"column":6843}},"342":{"start":{"line":9,"column":6860},"end":{"line":9,"column":6888}},"343":{"start":{"line":9,"column":6910},"end":{"line":9,"column":6943}},"344":{"start":{"line":9,"column":6953},"end":{"line":9,"column":6976}},"345":{"start":{"line":9,"column":6988},"end":{"line":9,"column":7031}},"346":{"start":{"line":9,"column":7046},"end":{"line":9,"column":7072}},"347":{"start":{"line":9,"column":7087},"end":{"line":9,"column":7115}},"348":{"start":{"line":9,"column":7129},"end":{"line":9,"column":7156}},"349":{"start":{"line":9,"column":7174},"end":{"line":9,"column":7205}},"350":{"start":{"line":9,"column":7221},"end":{"line":9,"column":7248}},"351":{"start":{"line":9,"column":7259},"end":{"line":9,"column":7286}},"352":{"start":{"line":9,"column":7316},"end":{"line":9,"column":7321}},"353":{"start":{"line":9,"column":7324},"end":{"line":9,"column":7330}},"354":{"start":{"line":9,"column":7331},"end":{"line":9,"column":7441}},"355":{"start":{"line":9,"column":7389},"end":{"line":9,"column":7398}},"356":{"start":{"line":9,"column":7399},"end":{"line":9,"column":7437}},"357":{"start":{"line":9,"column":7451},"end":{"line":9,"column":7466}},"358":{"start":{"line":9,"column":7500},"end":{"line":9,"column":7505}},"359":{"start":{"line":9,"column":7508},"end":{"line":9,"column":7521}},"360":{"start":{"line":9,"column":7524},"end":{"line":9,"column":7528}},"361":{"start":{"line":9,"column":7529},"end":{"line":9,"column":7581}},"362":{"start":{"line":9,"column":7551},"end":{"line":9,"column":7563}},"363":{"start":{"line":9,"column":7564},"end":{"line":9,"column":7580}},"364":{"start":{"line":9,"column":7587},"end":{"line":9,"column":7588}},"365":{"start":{"line":9,"column":7589},"end":{"line":9,"column":7704}},"366":{"start":{"line":9,"column":7615},"end":{"line":9,"column":7644}},"367":{"start":{"line":9,"column":7675},"end":{"line":9,"column":7700}},"368":{"start":{"line":9,"column":7712},"end":{"line":9,"column":7725}},"369":{"start":{"line":9,"column":7726},"end":{"line":9,"column":7744}},"370":{"start":{"line":9,"column":7774},"end":{"line":9,"column":7779}},"371":{"start":{"line":9,"column":7786},"end":{"line":9,"column":7787}},"372":{"start":{"line":9,"column":7788},"end":{"line":9,"column":7934}},"373":{"start":{"line":9,"column":7840},"end":{"line":9,"column":7867}},"374":{"start":{"line":9,"column":7888},"end":{"line":9,"column":7919}},"375":{"start":{"line":9,"column":7962},"end":{"line":9,"column":7966}},"376":{"start":{"line":9,"column":7967},"end":{"line":9,"column":7985}},"377":{"start":{"line":9,"column":7993},"end":{"line":9,"column":8003}},"378":{"start":{"line":9,"column":8004},"end":{"line":9,"column":8064}},"379":{"start":{"line":9,"column":8087},"end":{"line":9,"column":8097}},"380":{"start":{"line":9,"column":8105},"end":{"line":9,"column":8123}},"381":{"start":{"line":9,"column":8124},"end":{"line":9,"column":8142}},"382":{"start":{"line":9,"column":8152},"end":{"line":9,"column":8185}},"383":{"start":{"line":9,"column":8189},"end":{"line":9,"column":8302}},"384":{"start":{"line":9,"column":8242},"end":{"line":9,"column":8271}},"385":{"start":{"line":9,"column":8280},"end":{"line":9,"column":8289}},"386":{"start":{"line":9,"column":8318},"end":{"line":9,"column":8339}},"387":{"start":{"line":9,"column":8347},"end":{"line":9,"column":8354}},"388":{"start":{"line":9,"column":8355},"end":{"line":9,"column":8394}},"389":{"start":{"line":9,"column":8427},"end":{"line":9,"column":8463}},"390":{"start":{"line":9,"column":8475},"end":{"line":9,"column":8511}},"391":{"start":{"line":9,"column":8493},"end":{"line":9,"column":8511}},"392":{"start":{"line":9,"column":8519},"end":{"line":9,"column":8535}},"393":{"start":{"line":9,"column":8538},"end":{"line":9,"column":8553}},"394":{"start":{"line":9,"column":8554},"end":{"line":9,"column":8587}},"395":{"start":{"line":9,"column":8578},"end":{"line":9,"column":8587}},"396":{"start":{"line":9,"column":8587},"end":{"line":9,"column":8620}},"397":{"start":{"line":9,"column":8611},"end":{"line":9,"column":8620}},"398":{"start":{"line":9,"column":8620},"end":{"line":9,"column":8652}},"399":{"start":{"line":9,"column":8643},"end":{"line":9,"column":8652}},"400":{"start":{"line":9,"column":8652},"end":{"line":9,"column":8769}},"401":{"start":{"line":9,"column":8669},"end":{"line":9,"column":8769}},"402":{"start":{"line":9,"column":8777},"end":{"line":9,"column":8781}},"403":{"start":{"line":9,"column":8782},"end":{"line":9,"column":8854}},"404":{"start":{"line":9,"column":8795},"end":{"line":9,"column":8820}},"405":{"start":{"line":9,"column":8811},"end":{"line":9,"column":8820}},"406":{"start":{"line":9,"column":8820},"end":{"line":9,"column":8853}},"407":{"start":{"line":9,"column":8844},"end":{"line":9,"column":8853}},"408":{"start":{"line":9,"column":8862},"end":{"line":9,"column":8888}},"409":{"start":{"line":9,"column":8889},"end":{"line":9,"column":8987}},"410":{"start":{"line":9,"column":9027},"end":{"line":9,"column":9038}},"411":{"start":{"line":9,"column":9058},"end":{"line":9,"column":9062}},"412":{"start":{"line":9,"column":9063},"end":{"line":9,"column":9181}},"413":{"start":{"line":9,"column":9092},"end":{"line":9,"column":9097}},"414":{"start":{"line":9,"column":9098},"end":{"line":9,"column":9180}},"415":{"start":{"line":9,"column":9154},"end":{"line":9,"column":9180}},"416":{"start":{"line":9,"column":9189},"end":{"line":9,"column":9226}},"417":{"start":{"line":9,"column":9229},"end":{"line":9,"column":9257}},"418":{"start":{"line":9,"column":9258},"end":{"line":9,"column":9321}},"419":{"start":{"line":9,"column":9350},"end":{"line":9,"column":9356}},"420":{"start":{"line":9,"column":9357},"end":{"line":9,"column":9362}},"421":{"start":{"line":9,"column":9370},"end":{"line":9,"column":9397}},"422":{"start":{"line":9,"column":9398},"end":{"line":9,"column":9436}},"423":{"start":{"line":9,"column":9454},"end":{"line":9,"column":9470}},"424":{"start":{"line":9,"column":9471},"end":{"line":9,"column":9513}},"425":{"start":{"line":9,"column":9525},"end":{"line":9,"column":9582}},"426":{"start":{"line":9,"column":9622},"end":{"line":9,"column":9633}},"427":{"start":{"line":9,"column":9643},"end":{"line":9,"column":9651}},"428":{"start":{"line":9,"column":9672},"end":{"line":9,"column":9680}},"429":{"start":{"line":9,"column":9691},"end":{"line":9,"column":9697}},"430":{"start":{"line":9,"column":9701},"end":{"line":9,"column":9707}},"431":{"start":{"line":9,"column":9711},"end":{"line":9,"column":9721}},"432":{"start":{"line":9,"column":9731},"end":{"line":9,"column":9735}},"433":{"start":{"line":9,"column":9734},"end":{"line":9,"column":9735}},"434":{"start":{"line":9,"column":9739},"end":{"line":9,"column":9767}},"435":{"start":{"line":9,"column":9742},"end":{"line":9,"column":9767}},"436":{"start":{"line":9,"column":9787},"end":{"line":9,"column":10102}},"437":{"start":{"line":9,"column":9817},"end":{"line":9,"column":9829}},"438":{"start":{"line":9,"column":9832},"end":{"line":9,"column":9836}},"439":{"start":{"line":9,"column":9839},"end":{"line":9,"column":9844}},"440":{"start":{"line":9,"column":9847},"end":{"line":9,"column":9884}},"441":{"start":{"line":9,"column":9887},"end":{"line":9,"column":9900}},"442":{"start":{"line":9,"column":9903},"end":{"line":9,"column":9913}},"443":{"start":{"line":9,"column":9916},"end":{"line":9,"column":9928}},"444":{"start":{"line":9,"column":9929},"end":{"line":9,"column":10101}},"445":{"start":{"line":9,"column":9992},"end":{"line":9,"column":10000}},"446":{"start":{"line":9,"column":10001},"end":{"line":9,"column":10066}},"447":{"start":{"line":9,"column":10088},"end":{"line":9,"column":10099}},"448":{"start":{"line":9,"column":10118},"end":{"line":9,"column":10187}},"449":{"start":{"line":9,"column":10140},"end":{"line":9,"column":10186}},"450":{"start":{"line":9,"column":10213},"end":{"line":9,"column":10756}},"451":{"start":{"line":9,"column":10229},"end":{"line":9,"column":10241}},"452":{"start":{"line":9,"column":10244},"end":{"line":9,"column":10248}},"453":{"start":{"line":9,"column":10251},"end":{"line":9,"column":10255}},"454":{"start":{"line":9,"column":10256},"end":{"line":9,"column":10296}},"455":{"start":{"line":9,"column":10309},"end":{"line":9,"column":10314}},"456":{"start":{"line":9,"column":10317},"end":{"line":9,"column":10329}},"457":{"start":{"line":9,"column":10330},"end":{"line":9,"column":10364}},"458":{"start":{"line":9,"column":10345},"end":{"line":9,"column":10364}},"459":{"start":{"line":9,"column":10364},"end":{"line":9,"column":10398}},"460":{"start":{"line":9,"column":10379},"end":{"line":9,"column":10398}},"461":{"start":{"line":9,"column":10398},"end":{"line":9,"column":10413}},"462":{"start":{"line":9,"column":10434},"end":{"line":9,"column":10446}},"463":{"start":{"line":9,"column":10447},"end":{"line":9,"column":10501}},"464":{"start":{"line":9,"column":10518},"end":{"line":9,"column":10530}},"465":{"start":{"line":9,"column":10533},"end":{"line":9,"column":10537}},"466":{"start":{"line":9,"column":10540},"end":{"line":9,"column":10544}},"467":{"start":{"line":9,"column":10545},"end":{"line":9,"column":10625}},"468":{"start":{"line":9,"column":10648},"end":{"line":9,"column":10652}},"469":{"start":{"line":9,"column":10655},"end":{"line":9,"column":10664}},"470":{"start":{"line":9,"column":10667},"end":{"line":9,"column":10671}},"471":{"start":{"line":9,"column":10674},"end":{"line":9,"column":10686}},"472":{"start":{"line":9,"column":10687},"end":{"line":9,"column":10754}},"473":{"start":{"line":9,"column":10732},"end":{"line":9,"column":10753}},"474":{"start":{"line":9,"column":10757},"end":{"line":9,"column":11485}},"475":{"start":{"line":9,"column":10846},"end":{"line":9,"column":10875}},"476":{"start":{"line":9,"column":10883},"end":{"line":9,"column":10890}},"477":{"start":{"line":9,"column":10891},"end":{"line":9,"column":10950}},"478":{"start":{"line":9,"column":10961},"end":{"line":9,"column":10990}},"479":{"start":{"line":9,"column":10998},"end":{"line":9,"column":11005}},"480":{"start":{"line":9,"column":11020},"end":{"line":9,"column":11025}},"481":{"start":{"line":9,"column":11032},"end":{"line":9,"column":11043}},"482":{"start":{"line":9,"column":11044},"end":{"line":9,"column":11070}},"483":{"start":{"line":9,"column":11078},"end":{"line":9,"column":11089}},"484":{"start":{"line":9,"column":11090},"end":{"line":9,"column":11155}},"485":{"start":{"line":9,"column":11175},"end":{"line":9,"column":11182}},"486":{"start":{"line":9,"column":11197},"end":{"line":9,"column":11202}},"487":{"start":{"line":9,"column":11209},"end":{"line":9,"column":11220}},"488":{"start":{"line":9,"column":11221},"end":{"line":9,"column":11262}},"489":{"start":{"line":9,"column":11270},"end":{"line":9,"column":11281}},"490":{"start":{"line":9,"column":11282},"end":{"line":9,"column":11317}},"491":{"start":{"line":9,"column":11335},"end":{"line":9,"column":11342}},"492":{"start":{"line":9,"column":11345},"end":{"line":9,"column":11355}},"493":{"start":{"line":9,"column":11358},"end":{"line":9,"column":11367}},"494":{"start":{"line":9,"column":11368},"end":{"line":9,"column":11407}},"495":{"start":{"line":9,"column":11467},"end":{"line":9,"column":11481}},"496":{"start":{"line":9,"column":11511},"end":{"line":9,"column":11518}},"497":{"start":{"line":9,"column":11519},"end":{"line":9,"column":11632}},"498":{"start":{"line":9,"column":11534},"end":{"line":9,"column":11632}},"499":{"start":{"line":9,"column":11642},"end":{"line":9,"column":11657}},"500":{"start":{"line":9,"column":11661},"end":{"line":9,"column":11676}},"501":{"start":{"line":9,"column":11680},"end":{"line":9,"column":11695}},"502":{"start":{"line":9,"column":11705},"end":{"line":9,"column":11716}},"503":{"start":{"line":9,"column":11720},"end":{"line":9,"column":11731}},"504":{"start":{"line":9,"column":11735},"end":{"line":9,"column":11746}},"505":{"start":{"line":9,"column":11750},"end":{"line":9,"column":11761}},"506":{"start":{"line":9,"column":11777},"end":{"line":9,"column":11895}},"507":{"start":{"line":9,"column":11812},"end":{"line":9,"column":11821}},"508":{"start":{"line":9,"column":11869},"end":{"line":9,"column":11878}},"509":{"start":{"line":9,"column":11886},"end":{"line":9,"column":11894}},"510":{"start":{"line":9,"column":11911},"end":{"line":9,"column":11965}},"511":{"start":{"line":9,"column":11981},"end":{"line":9,"column":12013}},"512":{"start":{"line":9,"column":12029},"end":{"line":9,"column":12053}},"513":{"start":{"line":9,"column":12069},"end":{"line":9,"column":12093}},"514":{"start":{"line":9,"column":12117},"end":{"line":9,"column":12170}},"515":{"start":{"line":9,"column":12161},"end":{"line":9,"column":12170}},"516":{"start":{"line":9,"column":12178},"end":{"line":9,"column":12183}},"517":{"start":{"line":9,"column":12184},"end":{"line":9,"column":12202}},"518":{"start":{"line":9,"column":12193},"end":{"line":9,"column":12202}},"519":{"start":{"line":9,"column":12210},"end":{"line":9,"column":12218}},"520":{"start":{"line":9,"column":12219},"end":{"line":9,"column":12233}},"521":{"start":{"line":9,"column":12224},"end":{"line":9,"column":12233}},"522":{"start":{"line":9,"column":12241},"end":{"line":9,"column":12263}},"523":{"start":{"line":9,"column":12264},"end":{"line":9,"column":12283}},"524":{"start":{"line":9,"column":12299},"end":{"line":9,"column":12349}},"525":{"start":{"line":9,"column":12365},"end":{"line":9,"column":12394}},"526":{"start":{"line":9,"column":12410},"end":{"line":9,"column":12438}},"527":{"start":{"line":9,"column":12454},"end":{"line":9,"column":12477}},"528":{"start":{"line":9,"column":12500},"end":{"line":9,"column":12512}},"529":{"start":{"line":9,"column":12513},"end":{"line":9,"column":12528}},"530":{"start":{"line":9,"column":12544},"end":{"line":9,"column":12613}},"531":{"start":{"line":9,"column":12623},"end":{"line":9,"column":12638}},"532":{"start":{"line":9,"column":12626},"end":{"line":9,"column":12638}},"533":{"start":{"line":9,"column":12642},"end":{"line":9,"column":12657}},"534":{"start":{"line":9,"column":12645},"end":{"line":9,"column":12657}},"535":{"start":{"line":9,"column":12673},"end":{"line":9,"column":12701}},"536":{"start":{"line":9,"column":12717},"end":{"line":9,"column":12739}},"537":{"start":{"line":9,"column":12749},"end":{"line":9,"column":12889}},"538":{"start":{"line":9,"column":12763},"end":{"line":9,"column":12801}},"539":{"start":{"line":9,"column":12826},"end":{"line":9,"column":12830}},"540":{"start":{"line":9,"column":12831},"end":{"line":9,"column":12887}},"541":{"start":{"line":9,"column":12905},"end":{"line":9,"column":12935}},"542":{"start":{"line":9,"column":12964},"end":{"line":9,"column":13192}},"543":{"start":{"line":9,"column":13202},"end":{"line":9,"column":13267}},"544":{"start":{"line":9,"column":13246},"end":{"line":9,"column":13267}},"545":{"start":{"line":9,"column":13288},"end":{"line":9,"column":13304}},"546":{"start":{"line":9,"column":13305},"end":{"line":9,"column":13364}},"547":{"start":{"line":9,"column":13378},"end":{"line":9,"column":13405}},"548":{"start":{"line":9,"column":13437},"end":{"line":9,"column":13484}},"549":{"start":{"line":9,"column":13494},"end":{"line":9,"column":13496}},"550":{"start":{"line":9,"column":13500},"end":{"line":9,"column":13511}},"551":{"start":{"line":9,"column":13544},"end":{"line":9,"column":13594}},"552":{"start":{"line":9,"column":13556},"end":{"line":9,"column":13565}},"553":{"start":{"line":9,"column":13566},"end":{"line":9,"column":13593}},"554":{"start":{"line":9,"column":13681},"end":{"line":9,"column":13682}},"555":{"start":{"line":9,"column":13685},"end":{"line":9,"column":13726}},"556":{"start":{"line":9,"column":13688},"end":{"line":9,"column":13726}},"557":{"start":{"line":9,"column":13741},"end":{"line":9,"column":13743}},"558":{"start":{"line":9,"column":13746},"end":{"line":9,"column":13748}},"559":{"start":{"line":9,"column":13749},"end":{"line":9,"column":14111}},"560":{"start":{"line":9,"column":13765},"end":{"line":9,"column":13772}},"561":{"start":{"line":9,"column":13795},"end":{"line":9,"column":13799}},"562":{"start":{"line":9,"column":13829},"end":{"line":9,"column":13841}},"563":{"start":{"line":9,"column":13849},"end":{"line":9,"column":13933}},"564":{"start":{"line":9,"column":13859},"end":{"line":9,"column":13883}},"565":{"start":{"line":9,"column":13868},"end":{"line":9,"column":13883}},"566":{"start":{"line":9,"column":13883},"end":{"line":9,"column":13904}},"567":{"start":{"line":9,"column":13892},"end":{"line":9,"column":13904}},"568":{"start":{"line":9,"column":13904},"end":{"line":9,"column":13931}},"569":{"start":{"line":9,"column":13912},"end":{"line":9,"column":13931}},"570":{"start":{"line":9,"column":13950},"end":{"line":9,"column":13956}},"571":{"start":{"line":9,"column":13966},"end":{"line":9,"column":13999}},"572":{"start":{"line":9,"column":13972},"end":{"line":9,"column":13977}},"573":{"start":{"line":9,"column":13977},"end":{"line":9,"column":13998}},"574":{"start":{"line":9,"column":13981},"end":{"line":9,"column":13984}},"575":{"start":{"line":9,"column":13993},"end":{"line":9,"column":13997}},"576":{"start":{"line":9,"column":14007},"end":{"line":9,"column":14009}},"577":{"start":{"line":9,"column":14010},"end":{"line":9,"column":14015}},"578":{"start":{"line":9,"column":14015},"end":{"line":9,"column":14057}},"579":{"start":{"line":9,"column":14019},"end":{"line":9,"column":14043}},"580":{"start":{"line":9,"column":14052},"end":{"line":9,"column":14056}},"581":{"start":{"line":9,"column":14078},"end":{"line":9,"column":14079}},"582":{"start":{"line":9,"column":14082},"end":{"line":9,"column":14094}},"583":{"start":{"line":9,"column":14095},"end":{"line":9,"column":14110}},"584":{"start":{"line":9,"column":14101},"end":{"line":9,"column":14110}},"585":{"start":{"line":9,"column":14119},"end":{"line":9,"column":14123}},"586":{"start":{"line":9,"column":14126},"end":{"line":9,"column":14169}},"587":{"start":{"line":9,"column":14131},"end":{"line":9,"column":14168}},"588":{"start":{"line":9,"column":14170},"end":{"line":9,"column":14213}},"589":{"start":{"line":9,"column":14187},"end":{"line":9,"column":14188}},"590":{"start":{"line":9,"column":14189},"end":{"line":9,"column":14212}},"591":{"start":{"line":9,"column":14200},"end":{"line":9,"column":14211}},"592":{"start":{"line":9,"column":14219},"end":{"line":9,"column":14252}},"593":{"start":{"line":9,"column":14261},"end":{"line":9,"column":14501}},"594":{"start":{"line":9,"column":14265},"end":{"line":9,"column":14500}},"595":{"start":{"line":9,"column":14298},"end":{"line":9,"column":14500}},"596":{"start":{"line":9,"column":14312},"end":{"line":9,"column":14319}},"597":{"start":{"line":9,"column":14320},"end":{"line":9,"column":14487}},"598":{"start":{"line":9,"column":14348},"end":{"line":9,"column":14360}},"599":{"start":{"line":9,"column":14372},"end":{"line":9,"column":14379}},"600":{"start":{"line":9,"column":14388},"end":{"line":9,"column":14390}},"601":{"start":{"line":9,"column":14391},"end":{"line":9,"column":14396}},"602":{"start":{"line":9,"column":14396},"end":{"line":9,"column":14486}},"603":{"start":{"line":9,"column":14409},"end":{"line":9,"column":14446}},"604":{"start":{"line":9,"column":14447},"end":{"line":9,"column":14471}},"605":{"start":{"line":9,"column":14480},"end":{"line":9,"column":14485}},"606":{"start":{"line":9,"column":14493},"end":{"line":9,"column":14500}},"607":{"start":{"line":9,"column":14502},"end":{"line":9,"column":14778}},"608":{"start":{"line":9,"column":14547},"end":{"line":9,"column":14554}},"609":{"start":{"line":9,"column":14562},"end":{"line":9,"column":14572}},"610":{"start":{"line":9,"column":14597},"end":{"line":9,"column":14606}},"611":{"start":{"line":9,"column":14607},"end":{"line":9,"column":14664}},"612":{"start":{"line":9,"column":14613},"end":{"line":9,"column":14651}},"613":{"start":{"line":9,"column":14618},"end":{"line":9,"column":14625}},"614":{"start":{"line":9,"column":14630},"end":{"line":9,"column":14651}},"615":{"start":{"line":9,"column":14647},"end":{"line":9,"column":14651}},"616":{"start":{"line":9,"column":14651},"end":{"line":9,"column":14663}},"617":{"start":{"line":9,"column":14802},"end":{"line":9,"column":14863}},"618":{"start":{"line":9,"column":14854},"end":{"line":9,"column":14863}},"619":{"start":{"line":9,"column":14863},"end":{"line":9,"column":15155}},"620":{"start":{"line":9,"column":14885},"end":{"line":9,"column":14901}},"621":{"start":{"line":9,"column":14906},"end":{"line":9,"column":15155}},"622":{"start":{"line":9,"column":14914},"end":{"line":9,"column":14954}},"623":{"start":{"line":9,"column":14924},"end":{"line":9,"column":14925}},"624":{"start":{"line":9,"column":14941},"end":{"line":9,"column":14954}},"625":{"start":{"line":9,"column":14959},"end":{"line":9,"column":15155}},"626":{"start":{"line":9,"column":14975},"end":{"line":9,"column":15001}},"627":{"start":{"line":9,"column":14989},"end":{"line":9,"column":14998}},"628":{"start":{"line":9,"column":15006},"end":{"line":9,"column":15155}},"629":{"start":{"line":9,"column":15016},"end":{"line":9,"column":15046}},"630":{"start":{"line":9,"column":15033},"end":{"line":9,"column":15046}},"631":{"start":{"line":9,"column":15046},"end":{"line":9,"column":15154}},"632":{"start":{"line":9,"column":15093},"end":{"line":9,"column":15154}},"633":{"start":{"line":9,"column":15155},"end":{"line":9,"column":15163}},"634":{"start":{"line":13,"column":24},"end":{"line":13,"column":68}},"635":{"start":{"line":13,"column":28},"end":{"line":13,"column":48}},"636":{"start":{"line":13,"column":58},"end":{"line":13,"column":67}},"637":{"start":{"line":13,"column":90},"end":{"line":13,"column":162}},"638":{"start":{"line":13,"column":107},"end":{"line":13,"column":118}},"639":{"start":{"line":13,"column":119},"end":{"line":13,"column":161}},"640":{"start":{"line":13,"column":148},"end":{"line":13,"column":157}},"641":{"start":{"line":13,"column":162},"end":{"line":13,"column":241}},"642":{"start":{"line":13,"column":179},"end":{"line":13,"column":181}},"643":{"start":{"line":13,"column":182},"end":{"line":13,"column":232}},"644":{"start":{"line":13,"column":192},"end":{"line":13,"column":193}},"645":{"start":{"line":13,"column":209},"end":{"line":13,"column":232}},"646":{"start":{"line":13,"column":232},"end":{"line":13,"column":240}},"647":{"start":{"line":13,"column":274},"end":{"line":13,"column":288}},"648":{"start":{"line":13,"column":340},"end":{"line":13,"column":365}},"649":{"start":{"line":13,"column":366},"end":{"line":13,"column":594}},"650":{"start":{"line":13,"column":378},"end":{"line":13,"column":386}},"651":{"start":{"line":13,"column":395},"end":{"line":13,"column":402}},"652":{"start":{"line":13,"column":405},"end":{"line":13,"column":454}},"653":{"start":{"line":13,"column":455},"end":{"line":13,"column":548}},"654":{"start":{"line":13,"column":472},"end":{"line":13,"column":476}},"655":{"start":{"line":13,"column":477},"end":{"line":13,"column":537}},"656":{"start":{"line":13,"column":483},"end":{"line":13,"column":536}},"657":{"start":{"line":13,"column":493},"end":{"line":13,"column":494}},"658":{"start":{"line":13,"column":510},"end":{"line":13,"column":536}},"659":{"start":{"line":13,"column":530},"end":{"line":13,"column":536}},"660":{"start":{"line":13,"column":537},"end":{"line":13,"column":547}},"661":{"start":{"line":13,"column":548},"end":{"line":13,"column":593}},"662":{"start":{"line":13,"column":554},"end":{"line":13,"column":586}},"663":{"start":{"line":13,"column":586},"end":{"line":13,"column":592}},"664":{"start":{"line":13,"column":594},"end":{"line":13,"column":607}},"665":{"start":{"line":13,"column":637},"end":{"line":13,"column":650}},"666":{"start":{"line":13,"column":642},"end":{"line":13,"column":650}},"667":{"start":{"line":13,"column":650},"end":{"line":13,"column":666}},"668":{"start":{"line":13,"column":675},"end":{"line":13,"column":677}},"669":{"start":{"line":13,"column":685},"end":{"line":13,"column":687}},"670":{"start":{"line":13,"column":697},"end":{"line":13,"column":699}},"671":{"start":{"line":13,"column":707},"end":{"line":13,"column":711}},"672":{"start":{"line":13,"column":715},"end":{"line":13,"column":716}},"673":{"start":{"line":13,"column":726},"end":{"line":13,"column":743}},"674":{"start":{"line":13,"column":751},"end":{"line":13,"column":755}},"675":{"start":{"line":13,"column":779},"end":{"line":13,"column":785}},"676":{"start":{"line":13,"column":786},"end":{"line":13,"column":824}},"677":{"start":{"line":13,"column":846},"end":{"line":13,"column":850}},"678":{"start":{"line":13,"column":853},"end":{"line":13,"column":861}},"679":{"start":{"line":13,"column":862},"end":{"line":13,"column":936}},"680":{"start":{"line":13,"column":881},"end":{"line":13,"column":888}},"681":{"start":{"line":13,"column":891},"end":{"line":13,"column":895}},"682":{"start":{"line":13,"column":898},"end":{"line":13,"column":903}},"683":{"start":{"line":13,"column":904},"end":{"line":13,"column":935}},"684":{"start":{"line":13,"column":936},"end":{"line":13,"column":944}},"685":{"start":{"line":13,"column":960},"end":{"line":13,"column":1080}},"686":{"start":{"line":13,"column":985},"end":{"line":13,"column":990}},"687":{"start":{"line":13,"column":993},"end":{"line":13,"column":1006}},"688":{"start":{"line":13,"column":1007},"end":{"line":13,"column":1079}},"689":{"start":{"line":13,"column":1095},"end":{"line":13,"column":1115}},"690":{"start":{"line":13,"column":1131},"end":{"line":13,"column":1223}},"691":{"start":{"line":13,"column":1248},"end":{"line":13,"column":1400}},"692":{"start":{"line":13,"column":1277},"end":{"line":13,"column":1281}},"693":{"start":{"line":13,"column":1282},"end":{"line":13,"column":1399}},"694":{"start":{"line":13,"column":1299},"end":{"line":13,"column":1327}},"695":{"start":{"line":13,"column":1318},"end":{"line":13,"column":1327}},"696":{"start":{"line":13,"column":1327},"end":{"line":13,"column":1398}},"697":{"start":{"line":13,"column":1416},"end":{"line":13,"column":1633}},"698":{"start":{"line":13,"column":1438},"end":{"line":13,"column":1479}},"699":{"start":{"line":13,"column":1467},"end":{"line":13,"column":1478}},"700":{"start":{"line":13,"column":1480},"end":{"line":13,"column":1520}},"701":{"start":{"line":13,"column":1499},"end":{"line":13,"column":1513}},"702":{"start":{"line":13,"column":1513},"end":{"line":13,"column":1519}},"703":{"start":{"line":13,"column":1520},"end":{"line":13,"column":1620}},"704":{"start":{"line":13,"column":1561},"end":{"line":13,"column":1567}},"705":{"start":{"line":13,"column":1568},"end":{"line":13,"column":1619}},"706":{"start":{"line":13,"column":1620},"end":{"line":13,"column":1632}},"707":{"start":{"line":13,"column":1643},"end":{"line":13,"column":1678}},"708":{"start":{"line":13,"column":1646},"end":{"line":13,"column":1678}},"709":{"start":{"line":13,"column":1694},"end":{"line":13,"column":1949}},"710":{"start":{"line":13,"column":1698},"end":{"line":13,"column":1828}},"711":{"start":{"line":13,"column":1733},"end":{"line":13,"column":1738}},"712":{"start":{"line":13,"column":1739},"end":{"line":13,"column":1827}},"713":{"start":{"line":13,"column":1837},"end":{"line":13,"column":1891}},"714":{"start":{"line":13,"column":1868},"end":{"line":13,"column":1873}},"715":{"start":{"line":13,"column":1874},"end":{"line":13,"column":1890}},"716":{"start":{"line":13,"column":1891},"end":{"line":13,"column":1948}},"717":{"start":{"line":13,"column":1957},"end":{"line":13,"column":1961}},"718":{"start":{"line":13,"column":1965},"end":{"line":13,"column":1969}},"719":{"start":{"line":13,"column":1993},"end":{"line":13,"column":1995}},"720":{"start":{"line":13,"column":1996},"end":{"line":13,"column":2038}},"721":{"start":{"line":13,"column":2061},"end":{"line":13,"column":2082}},"722":{"start":{"line":13,"column":2073},"end":{"line":13,"column":2082}},"723":{"start":{"line":13,"column":2090},"end":{"line":13,"column":2181}},"724":{"start":{"line":13,"column":2099},"end":{"line":13,"column":2112}},"725":{"start":{"line":13,"column":2120},"end":{"line":13,"column":2125}},"726":{"start":{"line":13,"column":2132},"end":{"line":13,"column":2172}},"727":{"start":{"line":13,"column":2136},"end":{"line":13,"column":2145}},"728":{"start":{"line":13,"column":2154},"end":{"line":13,"column":2171}},"729":{"start":{"line":13,"column":2172},"end":{"line":13,"column":2180}},"730":{"start":{"line":13,"column":2182},"end":{"line":13,"column":2214}},"731":{"start":{"line":13,"column":2244},"end":{"line":13,"column":2250}},"732":{"start":{"line":13,"column":2253},"end":{"line":13,"column":2262}},"733":{"start":{"line":13,"column":2263},"end":{"line":13,"column":2384}},"734":{"start":{"line":13,"column":2273},"end":{"line":13,"column":2274}},"735":{"start":{"line":13,"column":2299},"end":{"line":13,"column":2303}},"736":{"start":{"line":13,"column":2304},"end":{"line":13,"column":2331}},"737":{"start":{"line":13,"column":2337},"end":{"line":13,"column":2345}},"738":{"start":{"line":13,"column":2346},"end":{"line":13,"column":2383}},"739":{"start":{"line":13,"column":2394},"end":{"line":13,"column":2408}},"740":{"start":{"line":13,"column":2412},"end":{"line":13,"column":2429}},"741":{"start":{"line":13,"column":2415},"end":{"line":13,"column":2429}},"742":{"start":{"line":13,"column":2447},"end":{"line":13,"column":2639}},"743":{"start":{"line":13,"column":2684},"end":{"line":13,"column":2726}},"744":{"start":{"line":13,"column":2742},"end":{"line":13,"column":2777}},"745":{"start":{"line":13,"column":2804},"end":{"line":13,"column":2867}},"746":{"start":{"line":13,"column":2813},"end":{"line":13,"column":2860}},"747":{"start":{"line":13,"column":2830},"end":{"line":13,"column":2858}},"748":{"start":{"line":13,"column":2860},"end":{"line":13,"column":2866}},"749":{"start":{"line":13,"column":2867},"end":{"line":13,"column":2990}},"750":{"start":{"line":13,"column":2881},"end":{"line":13,"column":2983}},"751":{"start":{"line":13,"column":2983},"end":{"line":13,"column":2989}},"752":{"start":{"line":13,"column":2998},"end":{"line":13,"column":3032}},"753":{"start":{"line":13,"column":3035},"end":{"line":13,"column":3043}},"754":{"start":{"line":13,"column":3054},"end":{"line":13,"column":3055}},"755":{"start":{"line":13,"column":3058},"end":{"line":13,"column":3064}},"756":{"start":{"line":13,"column":3067},"end":{"line":13,"column":3094}},"757":{"start":{"line":13,"column":3097},"end":{"line":13,"column":3109}},"758":{"start":{"line":13,"column":3112},"end":{"line":13,"column":3116}},"759":{"start":{"line":13,"column":3119},"end":{"line":13,"column":3141}},"760":{"start":{"line":13,"column":3129},"end":{"line":13,"column":3131}},"761":{"start":{"line":13,"column":3135},"end":{"line":13,"column":3141}},"762":{"start":{"line":13,"column":3142},"end":{"line":13,"column":3532}},"763":{"start":{"line":13,"column":3225},"end":{"line":13,"column":3242}},"764":{"start":{"line":13,"column":3255},"end":{"line":13,"column":3259}},"765":{"start":{"line":13,"column":3262},"end":{"line":13,"column":3267}},"766":{"start":{"line":13,"column":3268},"end":{"line":13,"column":3531}},"767":{"start":{"line":13,"column":3285},"end":{"line":13,"column":3506}},"768":{"start":{"line":13,"column":3290},"end":{"line":13,"column":3505}},"769":{"start":{"line":13,"column":3306},"end":{"line":13,"column":3330}},"770":{"start":{"line":13,"column":3331},"end":{"line":13,"column":3443}},"771":{"start":{"line":13,"column":3449},"end":{"line":13,"column":3505}},"772":{"start":{"line":13,"column":3507},"end":{"line":13,"column":3530}},"773":{"start":{"line":13,"column":3533},"end":{"line":13,"column":3558}},"774":{"start":{"line":13,"column":3558},"end":{"line":13,"column":3582}},"775":{"start":{"line":13,"column":3591},"end":{"line":13,"column":3616}},"776":{"start":{"line":13,"column":3594},"end":{"line":13,"column":3616}},"777":{"start":{"line":13,"column":3620},"end":{"line":13,"column":3643}},"778":{"start":{"line":13,"column":3623},"end":{"line":13,"column":3643}},"779":{"start":{"line":13,"column":3661},"end":{"line":13,"column":3672}},"780":{"start":{"line":13,"column":3690},"end":{"line":13,"column":3702}},"781":{"start":{"line":13,"column":3733},"end":{"line":13,"column":3822}},"782":{"start":{"line":13,"column":3762},"end":{"line":13,"column":3763}},"783":{"start":{"line":13,"column":3764},"end":{"line":13,"column":3810}},"784":{"start":{"line":13,"column":3773},"end":{"line":13,"column":3799}},"785":{"start":{"line":13,"column":3792},"end":{"line":13,"column":3799}},"786":{"start":{"line":13,"column":3799},"end":{"line":13,"column":3809}},"787":{"start":{"line":13,"column":3810},"end":{"line":13,"column":3820}},"788":{"start":{"line":13,"column":3823},"end":{"line":13,"column":3915}},"789":{"start":{"line":13,"column":3845},"end":{"line":13,"column":3853}},"790":{"start":{"line":13,"column":3854},"end":{"line":13,"column":3914}},"791":{"start":{"line":13,"column":3872},"end":{"line":13,"column":3914}},"792":{"start":{"line":13,"column":3945},"end":{"line":13,"column":3957}},"793":{"start":{"line":13,"column":3958},"end":{"line":13,"column":3980}},"794":{"start":{"line":13,"column":3966},"end":{"line":13,"column":3976}},"795":{"start":{"line":13,"column":4008},"end":{"line":13,"column":4154}},"796":{"start":{"line":13,"column":4022},"end":{"line":13,"column":4037}},"797":{"start":{"line":13,"column":4040},"end":{"line":13,"column":4119}},"798":{"start":{"line":13,"column":4067},"end":{"line":13,"column":4072}},"799":{"start":{"line":13,"column":4080},"end":{"line":13,"column":4085}},"800":{"start":{"line":13,"column":4088},"end":{"line":13,"column":4099}},"801":{"start":{"line":13,"column":4100},"end":{"line":13,"column":4117}},"802":{"start":{"line":13,"column":4120},"end":{"line":13,"column":4153}},"803":{"start":{"line":13,"column":4164},"end":{"line":13,"column":4219}},"804":{"start":{"line":13,"column":4167},"end":{"line":13,"column":4219}},"805":{"start":{"line":13,"column":4178},"end":{"line":13,"column":4218}},"806":{"start":{"line":13,"column":4208},"end":{"line":13,"column":4215}},"807":{"start":{"line":13,"column":4223},"end":{"line":13,"column":4231}},"808":{"start":{"line":13,"column":4235},"end":{"line":13,"column":4242}},"809":{"start":{"line":13,"column":4246},"end":{"line":13,"column":4254}},"810":{"start":{"line":13,"column":4258},"end":{"line":13,"column":4265}},"811":{"start":{"line":13,"column":4269},"end":{"line":13,"column":4278}},"812":{"start":{"line":13,"column":4282},"end":{"line":13,"column":4290}},"813":{"start":{"line":13,"column":4294},"end":{"line":13,"column":4302}},"814":{"start":{"line":13,"column":4306},"end":{"line":13,"column":4315}},"815":{"start":{"line":13,"column":4319},"end":{"line":13,"column":4328}},"816":{"start":{"line":13,"column":4349},"end":{"line":13,"column":4361}},"817":{"start":{"line":13,"column":4371},"end":{"line":13,"column":4390}},"818":{"start":{"line":13,"column":4417},"end":{"line":13,"column":4510}},"819":{"start":{"line":13,"column":4466},"end":{"line":13,"column":4510}},"820":{"start":{"line":13,"column":4516},"end":{"line":13,"column":4520}},"821":{"start":{"line":13,"column":4521},"end":{"line":13,"column":4545}},"822":{"start":{"line":13,"column":4553},"end":{"line":13,"column":4564}},"823":{"start":{"line":13,"column":4567},"end":{"line":13,"column":4582}},"824":{"start":{"line":13,"column":4585},"end":{"line":13,"column":4645}},"825":{"start":{"line":13,"column":4646},"end":{"line":13,"column":4673}},"826":{"start":{"line":13,"column":4689},"end":{"line":13,"column":4767}},"827":{"start":{"line":13,"column":4706},"end":{"line":13,"column":4759}},"828":{"start":{"line":13,"column":4777},"end":{"line":13,"column":4811}},"829":{"start":{"line":13,"column":4780},"end":{"line":13,"column":4811}},"830":{"start":{"line":13,"column":4815},"end":{"line":13,"column":5150}},"831":{"start":{"line":13,"column":4843},"end":{"line":13,"column":4844}},"832":{"start":{"line":13,"column":4852},"end":{"line":13,"column":4862}},"833":{"start":{"line":13,"column":4872},"end":{"line":13,"column":4878}},"834":{"start":{"line":13,"column":4889},"end":{"line":13,"column":4896}},"835":{"start":{"line":13,"column":4907},"end":{"line":13,"column":4914}},"836":{"start":{"line":13,"column":4925},"end":{"line":13,"column":4932}},"837":{"start":{"line":13,"column":4942},"end":{"line":13,"column":4948}},"838":{"start":{"line":13,"column":4960},"end":{"line":13,"column":4972}},"839":{"start":{"line":13,"column":4982},"end":{"line":13,"column":4992}},"840":{"start":{"line":13,"column":5002},"end":{"line":13,"column":5006}},"841":{"start":{"line":13,"column":5016},"end":{"line":13,"column":5022}},"842":{"start":{"line":13,"column":5035},"end":{"line":13,"column":5040}},"843":{"start":{"line":13,"column":5057},"end":{"line":13,"column":5086}},"844":{"start":{"line":13,"column":5072},"end":{"line":13,"column":5084}},"845":{"start":{"line":13,"column":5100},"end":{"line":13,"column":5127}},"846":{"start":{"line":13,"column":5138},"end":{"line":13,"column":5148}},"847":{"start":{"line":13,"column":5154},"end":{"line":13,"column":5194}},"848":{"start":{"line":13,"column":5161},"end":{"line":13,"column":5194}},"849":{"start":{"line":13,"column":5198},"end":{"line":13,"column":6310}},"850":{"start":{"line":13,"column":5212},"end":{"line":13,"column":5239}},"851":{"start":{"line":13,"column":5230},"end":{"line":13,"column":5239}},"852":{"start":{"line":13,"column":5314},"end":{"line":13,"column":5315}},"853":{"start":{"line":13,"column":5322},"end":{"line":13,"column":5623}},"854":{"start":{"line":13,"column":5345},"end":{"line":13,"column":5349}},"855":{"start":{"line":13,"column":5350},"end":{"line":13,"column":5622}},"856":{"start":{"line":13,"column":5364},"end":{"line":13,"column":5450}},"857":{"start":{"line":13,"column":5381},"end":{"line":13,"column":5393}},"858":{"start":{"line":13,"column":5400},"end":{"line":13,"column":5412}},"859":{"start":{"line":13,"column":5419},"end":{"line":13,"column":5431}},"860":{"start":{"line":13,"column":5438},"end":{"line":13,"column":5449}},"861":{"start":{"line":13,"column":5455},"end":{"line":13,"column":5485}},"862":{"start":{"line":13,"column":5466},"end":{"line":13,"column":5485}},"863":{"start":{"line":13,"column":5485},"end":{"line":13,"column":5521}},"864":{"start":{"line":13,"column":5502},"end":{"line":13,"column":5521}},"865":{"start":{"line":13,"column":5521},"end":{"line":13,"column":5573}},"866":{"start":{"line":13,"column":5554},"end":{"line":13,"column":5573}},"867":{"start":{"line":13,"column":5573},"end":{"line":13,"column":5609}},"868":{"start":{"line":13,"column":5590},"end":{"line":13,"column":5609}},"869":{"start":{"line":13,"column":5609},"end":{"line":13,"column":5621}},"870":{"start":{"line":13,"column":5631},"end":{"line":13,"column":5636}},"871":{"start":{"line":13,"column":5645},"end":{"line":13,"column":5696}},"872":{"start":{"line":13,"column":5650},"end":{"line":13,"column":5696}},"873":{"start":{"line":13,"column":5696},"end":{"line":13,"column":5737}},"874":{"start":{"line":13,"column":5728},"end":{"line":13,"column":5737}},"875":{"start":{"line":13,"column":5737},"end":{"line":13,"column":5773}},"876":{"start":{"line":13,"column":5754},"end":{"line":13,"column":5773}},"877":{"start":{"line":13,"column":5773},"end":{"line":13,"column":5822}},"878":{"start":{"line":13,"column":5811},"end":{"line":13,"column":5822}},"879":{"start":{"line":13,"column":5872},"end":{"line":13,"column":5873}},"880":{"start":{"line":13,"column":5874},"end":{"line":13,"column":5982}},"881":{"start":{"line":13,"column":6071},"end":{"line":13,"column":6174}},"882":{"start":{"line":13,"column":6198},"end":{"line":13,"column":6308}},"883":{"start":{"line":13,"column":6326},"end":{"line":13,"column":6373}},"884":{"start":{"line":13,"column":6355},"end":{"line":13,"column":6366}},"885":{"start":{"line":13,"column":6381},"end":{"line":13,"column":6383}},"886":{"start":{"line":13,"column":6407},"end":{"line":13,"column":6412}},"887":{"start":{"line":13,"column":6415},"end":{"line":13,"column":6422}},"888":{"start":{"line":13,"column":6425},"end":{"line":13,"column":6430}},"889":{"start":{"line":13,"column":6431},"end":{"line":13,"column":6479}},"890":{"start":{"line":13,"column":6827},"end":{"line":13,"column":6828}},"891":{"start":{"line":13,"column":6829},"end":{"line":13,"column":6904}},"892":{"start":{"line":13,"column":6850},"end":{"line":13,"column":6904}},"893":{"start":{"line":13,"column":6876},"end":{"line":13,"column":6880}},"894":{"start":{"line":13,"column":6881},"end":{"line":13,"column":6903}},"895":{"start":{"line":13,"column":6904},"end":{"line":13,"column":6951}},"896":{"start":{"line":13,"column":6918},"end":{"line":13,"column":6929}},"897":{"start":{"line":13,"column":6930},"end":{"line":13,"column":6950}},"898":{"start":{"line":13,"column":6951},"end":{"line":13,"column":7196}},"899":{"start":{"line":13,"column":6962},"end":{"line":13,"column":7196}},"900":{"start":{"line":13,"column":6988},"end":{"line":13,"column":6992}},"901":{"start":{"line":13,"column":6996},"end":{"line":13,"column":7040}},"902":{"start":{"line":13,"column":7044},"end":{"line":13,"column":7076}},"903":{"start":{"line":13,"column":7080},"end":{"line":13,"column":7099}},"904":{"start":{"line":13,"column":7100},"end":{"line":13,"column":7195}},"905":{"start":{"line":13,"column":7165},"end":{"line":13,"column":7173}},"906":{"start":{"line":13,"column":7182},"end":{"line":13,"column":7193}},"907":{"start":{"line":13,"column":7196},"end":{"line":13,"column":7233}},"908":{"start":{"line":13,"column":7201},"end":{"line":13,"column":7233}},"909":{"start":{"line":13,"column":7218},"end":{"line":13,"column":7233}},"910":{"start":{"line":13,"column":7233},"end":{"line":13,"column":7308}},"911":{"start":{"line":13,"column":7247},"end":{"line":13,"column":7263}},"912":{"start":{"line":13,"column":7264},"end":{"line":13,"column":7307}},"913":{"start":{"line":13,"column":7295},"end":{"line":13,"column":7305}},"914":{"start":{"line":13,"column":7308},"end":{"line":13,"column":7323}},"915":{"start":{"line":13,"column":7339},"end":{"line":13,"column":7388}},"916":{"start":{"line":13,"column":7358},"end":{"line":13,"column":7371}},"917":{"start":{"line":13,"column":7389},"end":{"line":13,"column":7652}},"918":{"start":{"line":13,"column":7498},"end":{"line":13,"column":7652}},"919":{"start":{"line":13,"column":7520},"end":{"line":13,"column":7545}},"920":{"start":{"line":13,"column":7546},"end":{"line":13,"column":7620}},"921":{"start":{"line":13,"column":7561},"end":{"line":13,"column":7618}},"922":{"start":{"line":13,"column":7596},"end":{"line":13,"column":7600}},"923":{"start":{"line":13,"column":7609},"end":{"line":13,"column":7616}},"924":{"start":{"line":13,"column":7626},"end":{"line":13,"column":7652}},"925":{"start":{"line":13,"column":7652},"end":{"line":13,"column":7766}},"926":{"start":{"line":13,"column":7789},"end":{"line":13,"column":7805}},"927":{"start":{"line":13,"column":7805},"end":{"line":13,"column":8019}},"928":{"start":{"line":13,"column":7831},"end":{"line":13,"column":7835}},"929":{"start":{"line":13,"column":7842},"end":{"line":13,"column":8018}},"930":{"start":{"line":13,"column":7985},"end":{"line":13,"column":7992}},"931":{"start":{"line":13,"column":8000},"end":{"line":13,"column":8009}},"932":{"start":{"line":13,"column":8039},"end":{"line":13,"column":8093}},"933":{"start":{"line":13,"column":8056},"end":{"line":13,"column":8071}},"934":{"start":{"line":13,"column":8121},"end":{"line":13,"column":8153}},"935":{"start":{"line":13,"column":8149},"end":{"line":13,"column":8153}},"936":{"start":{"line":13,"column":8154},"end":{"line":13,"column":8339}},"937":{"start":{"line":13,"column":8171},"end":{"line":13,"column":8175}},"938":{"start":{"line":13,"column":8176},"end":{"line":13,"column":8189}},"939":{"start":{"line":13,"column":8195},"end":{"line":13,"column":8339}},"940":{"start":{"line":13,"column":8203},"end":{"line":13,"column":8219}},"941":{"start":{"line":13,"column":8224},"end":{"line":13,"column":8339}},"942":{"start":{"line":13,"column":8232},"end":{"line":13,"column":8339}},"943":{"start":{"line":13,"column":8240},"end":{"line":13,"column":8266}},"944":{"start":{"line":13,"column":8253},"end":{"line":13,"column":8264}},"945":{"start":{"line":13,"column":8279},"end":{"line":13,"column":8322}},"946":{"start":{"line":13,"column":8323},"end":{"line":13,"column":8338}},"947":{"start":{"line":13,"column":8363},"end":{"line":13,"column":8369}},"948":{"start":{"line":13,"column":8391},"end":{"line":13,"column":8392}},"949":{"start":{"line":13,"column":8452},"end":{"line":13,"column":8464}},"950":{"start":{"line":13,"column":8467},"end":{"line":13,"column":8475}},"951":{"start":{"line":13,"column":8482},"end":{"line":13,"column":8589}},"952":{"start":{"line":13,"column":8546},"end":{"line":13,"column":8558}},"953":{"start":{"line":13,"column":8640},"end":{"line":13,"column":8641}},"954":{"start":{"line":13,"column":8642},"end":{"line":13,"column":8688}},"955":{"start":{"line":13,"column":8674},"end":{"line":13,"column":8686}},"956":{"start":{"line":13,"column":8688},"end":{"line":13,"column":8776}},"957":{"start":{"line":13,"column":8705},"end":{"line":13,"column":8776}},"958":{"start":{"line":13,"column":8736},"end":{"line":13,"column":8750}},"959":{"start":{"line":13,"column":8751},"end":{"line":13,"column":8775}},"960":{"start":{"line":13,"column":8776},"end":{"line":13,"column":8784}},"961":{"start":{"line":13,"column":8794},"end":{"line":13,"column":9091}},"962":{"start":{"line":13,"column":9109},"end":{"line":13,"column":9195}},"963":{"start":{"line":13,"column":9131},"end":{"line":13,"column":9190}},"964":{"start":{"line":13,"column":9213},"end":{"line":13,"column":9235}},"965":{"start":{"line":13,"column":9251},"end":{"line":13,"column":9320}},"966":{"start":{"line":13,"column":9268},"end":{"line":13,"column":9270}},"967":{"start":{"line":13,"column":9271},"end":{"line":13,"column":9311}},"968":{"start":{"line":13,"column":9281},"end":{"line":13,"column":9282}},"969":{"start":{"line":13,"column":9298},"end":{"line":13,"column":9311}},"970":{"start":{"line":13,"column":9311},"end":{"line":13,"column":9319}},"971":{"start":{"line":13,"column":9320},"end":{"line":13,"column":9328}},"972":{"start":{"line":13,"column":9345},"end":{"line":13,"column":9384}},"973":{"start":{"line":13,"column":9402},"end":{"line":13,"column":9439}},"974":{"start":{"line":13,"column":9457},"end":{"line":13,"column":9543}},"975":{"start":{"line":13,"column":9561},"end":{"line":13,"column":9576}},"976":{"start":{"line":13,"column":9567},"end":{"line":13,"column":9576}},"977":{"start":{"line":13,"column":9576},"end":{"line":13,"column":9591}},"978":{"start":{"line":13,"column":9582},"end":{"line":13,"column":9591}},"979":{"start":{"line":13,"column":9599},"end":{"line":13,"column":9623}},"980":{"start":{"line":13,"column":9624},"end":{"line":13,"column":9659}},"981":{"start":{"line":13,"column":9641},"end":{"line":13,"column":9659}},"982":{"start":{"line":13,"column":9659},"end":{"line":13,"column":9667}},"983":{"start":{"line":13,"column":9682},"end":{"line":13,"column":9978}},"984":{"start":{"line":13,"column":9986},"end":{"line":13,"column":9987}},"985":{"start":{"line":13,"column":10005},"end":{"line":13,"column":10945}},"986":{"start":{"line":13,"column":10031},"end":{"line":13,"column":10074}},"987":{"start":{"line":13,"column":10082},"end":{"line":13,"column":10086}},"988":{"start":{"line":13,"column":10089},"end":{"line":13,"column":10100}},"989":{"start":{"line":13,"column":10103},"end":{"line":13,"column":10105}},"990":{"start":{"line":13,"column":10112},"end":{"line":13,"column":10114}},"9
[...]
,"/Users/angck/open-source/universe-vue-template/stories/Header.vue": {"path":"/Users/angck/open-source/universe-vue-template/stories/Header.vue","statementMap":{"0":{"start":{"line":3,"column":9},"end":{"line":3,"column":null}},"1":{"start":{"line":28,"column":40},"end":{"line":28,"column":57}},"2":{"start":{"line":29,"column":40},"end":{"line":29,"column":56}},"3":{"start":{"line":33,"column":18},"end":{"line":33,"column":null}}},"fnMap":{"0":{"name":"(anonymous_2)","decl":{"start":{"line":28,"column":38},"end":{"line":28,"column":40}},"loc":{"start":{"line":28,"column":40},"end":{"line":28,"column":57}}},"1":{"name":"(anonymous_3)","decl":{"start":{"line":29,"column":38},"end":{"line":29,"column":40}},"loc":{"start":{"line":29,"column":40},"end":{"line":29,"column":56}}},"2":{"name":"(anonymous_4)","decl":{"start":{"line":33,"column":16},"end":{"line":33,"column":18}},"loc":{"start":{"line":33,"column":18},"end":{"line":33,"column":null}}}},"branchMap":{"0":{"loc":{"start":{"line":38,"column":10},"end":{"line":38,"column":null}},"type":"binary-expr","locations":[{"start":{"line":38,"column":10},"end":{"line":38,"column":null}},{"start":{"line":38,"column":10},"end":{"line":38,"column":null}}]},"1":{"loc":{"start":{"line":24,"column":36},"end":{"line":26,"column":null}},"type":"cond-expr","locations":[{"start":{"line":24,"column":36},"end":{"line":26,"column":null}},{"start":{"line":26,"column":12},"end":{"line":26,"column":null}}]},"2":{"loc":{"start":{"line":27,"column":9},"end":{"line":25,"column":26}},"type":"binary-expr","locations":[{"start":{"line":27,"column":9},"end":{"line":27,"column":null}},{"start":{"line":27,"column":9},"end":{"line":25,"column":26}}]},"3":{"loc":{"start":{"line":25,"column":35},"end":{"line":26,"column":null}},"type":"binary-expr","locations":[{"start":{"line":25,"column":35},"end":{"line":25,"column":null}},{"start":{"line":25,"column":35},"end":{"line":26,"column":null}}]},"4":{"loc":{"start":{"line":28,"column":79},"end":{"line":null,"column":-1}},"type":"cond-expr","locations":[{"start":{"line":28,"column":79},"end":{"line":null,"column":-1}},{"start":{"line":28,"column":63},"end":{"line":28,"column":79}}]},"5":{"loc":{"start":{"line":28,"column":38},"end":{"line":28,"column":57}},"type":"binary-expr","locations":[{"start":{"line":28,"column":38},"end":{"line":28,"column":40}},{"start":{"line":28,"column":38},"end":{"line":28,"column":57}}]},"6":{"loc":{"start":{"line":29,"column":78},"end":{"line":null,"column":-1}},"type":"cond-expr","locations":[{"start":{"line":29,"column":78},"end":{"line":null,"column":-1}},{"start":{"line":29,"column":62},"end":{"line":29,"column":78}}]},"7":{"loc":{"start":{"line":29,"column":38},"end":{"line":29,"column":56}},"type":"binary-expr","locations":[{"start":{"line":29,"column":38},"end":{"line":29,"column":40}},{"start":{"line":29,"column":38},"end":{"line":29,"column":56}}]},"8":{"loc":{"start":{"line":35,"column":17},"end":{"line":34,"column":null}},"type":"cond-expr","locations":[{"start":{"line":35,"column":17},"end":{"line":34,"column":null}},{"start":{"line":34,"column":16},"end":{"line":34,"column":null}}]},"9":{"loc":{"start":{"line":33,"column":16},"end":{"line":33,"column":null}},"type":"binary-expr","locations":[{"start":{"line":33,"column":16},"end":{"line":33,"column":18}},{"start":{"line":33,"column":16},"end":{"line":33,"column":null}}]}},"s":{"0":0,"1":0,"2":0,"3":0},"f":{"0":0,"1":0,"2":0},"b":{"0":[0,0],"1":[0,0],"2":[0,0],"3":[0,0],"4":[0,0],"5":[0,0],"6":[0,0],"7":[0,0],"8":[0,0],"9":[0,0]}}
,"/Users/angck/open-source/universe-vue-template/stories/Home.stories.ts": {"path":"/Users/angck/open-source/universe-vue-template/stories/Home.stories.ts","statementMap":{"0":{"start":{"line":3,"column":13},"end":{"line":3,"column":null}},"1":{"start":{"line":5,"column":18},"end":{"line":13,"column":null}},"2":{"start":{"line":15,"column":22},"end":{"line":52,"column":null}},"3":{"start":{"line":65,"column":20},"end":{"line":270,"column":null}},"4":{"start":{"line":66,"column":17},"end":{"line":66,"column":null}},"5":{"start":{"line":67,"column":19},"end":{"line":67,"column":null}},"6":{"start":{"line":68,"column":2},"end":{"line":269,"column":null}},"7":{"start":{"line":106,"column":21},"end":{"line":106,"column":null}},"8":{"start":{"line":108,"column":23},"end":{"line":108,"column":null}},"9":{"start":{"line":109,"column":18},"end":{"line":109,"column":null}},"10":{"start":{"line":110,"column":25},"end":{"line":110,"column":null}},"11":{"start":{"line":111,"column":6},"end":{"line":125,"column":null}},"12":{"start":{"line":112,"column":8},"end":{"line":119,"column":null}},"13":{"start":{"line":113,"column":25},"end":{"line":113,"column":null}},"14":{"start":{"line":114,"column":10},"end":{"line":118,"column":null}},"15":{"start":{"line":115,"column":12},"end":{"line":115,"column":null}},"16":{"start":{"line":116,"column":12},"end":{"line":116,"column":null}},"17":{"start":{"line":117,"column":12},"end":{"line":117,"column":null}},"18":{"start":{"line":120,"column":6},"end":{"line":125,"column":null}},"19":{"start":{"line":121,"column":8},"end":{"line":121,"column":null}},"20":{"start":{"line":122,"column":8},"end":{"line":122,"column":null}},"21":{"start":{"line":124,"column":8},"end":{"line":124,"column":null}},"22":{"start":{"line":127,"column":6},"end":{"line":130,"column":null}},"23":{"start":{"line":128,"column":8},"end":{"line":128,"column":null}},"24":{"start":{"line":129,"column":8},"end":{"line":129,"column":null}},"25":{"start":{"line":131,"column":6},"end":{"line":179,"column":null}},"26":{"start":{"line":183,"column":8},"end":{"line":188,"column":null}},"27":{"start":{"line":184,"column":10},"end":{"line":184,"column":null}},"28":{"start":{"line":185,"column":10},"end":{"line":185,"column":null}},"29":{"start":{"line":186,"column":10},"end":{"line":186,"column":null}},"30":{"start":{"line":186,"column":32},"end":{"line":186,"column":null}},"31":{"start":{"line":187,"column":10},"end":{"line":187,"column":null}},"32":{"start":{"line":192,"column":10},"end":{"line":192,"column":null}},"33":{"start":{"line":194,"column":10},"end":{"line":196,"column":null}},"34":{"start":{"line":195,"column":12},"end":{"line":195,"column":null}},"35":{"start":{"line":202,"column":8},"end":{"line":206,"column":null}},"36":{"start":{"line":203,"column":10},"end":{"line":203,"column":null}},"37":{"start":{"line":205,"column":10},"end":{"line":205,"column":null}},"38":{"start":{"line":210,"column":6},"end":{"line":210,"column":null}},"39":{"start":{"line":214,"column":8},"end":{"line":216,"column":null}},"40":{"start":{"line":215,"column":10},"end":{"line":215,"column":null}},"41":{"start":{"line":219,"column":8},"end":{"line":219,"column":null}},"42":{"start":{"line":221,"column":8},"end":{"line":223,"column":null}},"43":{"start":{"line":222,"column":10},"end":{"line":222,"column":null}},"44":{"start":{"line":226,"column":8},"end":{"line":229,"column":null}},"45":{"start":{"line":227,"column":10},"end":{"line":227,"column":null}},"46":{"start":{"line":228,"column":10},"end":{"line":228,"column":null}},"47":{"start":{"line":232,"column":8},"end":{"line":232,"column":null}},"48":{"start":{"line":233,"column":8},"end":{"line":233,"column":null}},"49":{"start":{"line":234,"column":8},"end":{"line":234,"column":null}},"50":{"start":{"line":235,"column":8},"end":{"line":235,"column":null}},"51":{"start":{"line":238,"column":21},"end":{"line":238,"column":null}},"52":{"start":{"line":239,"column":21},"end":{"line":239,"column":null}},"53":{"start":{"line":240,"column":20},"end":{"line":240,"column":null}},"54":{"start":{"line":241,"column":18},"end":{"line":241,"column":null}},"55":{"start":{"line":242,"column":8},"end":{"line":242,"column":null}},"56":{"start":{"line":243,"column":8},"end":{"line":243,"column":null}},"57":{"start":{"line":244,"column":8},"end":{"line":244,"column":null}},"58":{"start":{"line":245,"column":8},"end":{"line":245,"column":null}},"59":{"start":{"line":248,"column":21},"end":{"line":248,"column":null}},"60":{"start":{"line":249,"column":8},"end":{"line":249,"column":null}},"61":{"start":{"line":249,"column":19},"end":{"line":249,"column":null}},"62":{"start":{"line":250,"column":23},"end":{"line":250,"column":null}},"63":{"start":{"line":251,"column":8},"end":{"line":265,"column":null}},"64":{"start":{"line":252,"column":10},"end":{"line":264,"column":null}},"65":{"start":{"line":253,"column":27},"end":{"line":253,"column":null}},"66":{"start":{"line":254,"column":12},"end":{"line":254,"column":null}},"67":{"start":{"line":254,"column":25},"end":{"line":254,"column":null}},"68":{"start":{"line":255,"column":24},"end":{"line":255,"column":null}},"69":{"start":{"line":256,"column":12},"end":{"line":261,"column":null}},"70":{"start":{"line":257,"column":14},"end":{"line":257,"column":null}},"71":{"start":{"line":258,"column":14},"end":{"line":258,"column":null}},"72":{"start":{"line":259,"column":14},"end":{"line":259,"column":null}},"73":{"start":{"line":260,"column":14},"end":{"line":260,"column":null}},"74":{"start":{"line":263,"column":12},"end":{"line":263,"column":null}},"75":{"start":{"line":266,"column":8},"end":{"line":266,"column":null}},"76":{"start":{"line":271,"column":0},"end":{"line":271,"column":null}}},"fnMap":{"0":{"name":"(anonymous_0)","decl":{"start":{"line":65,"column":20},"end":{"line":65,"column":21}},"loc":{"start":{"line":65,"column":43},"end":{"line":270,"column":null}}},"1":{"name":"(anonymous_1)","decl":{"start":{"line":105,"column":4},"end":{"line":105,"column":11}},"loc":{"start":{"line":105,"column":11},"end":{"line":180,"column":null}}},"2":{"name":"(anonymous_2)","decl":{"start":{"line":182,"column":6},"end":{"line":182,"column":19}},"loc":{"start":{"line":182,"column":24},"end":{"line":189,"column":null}}},"3":{"name":"(anonymous_3)","decl":{"start":{"line":191,"column":8},"end":{"line":191,"column":18}},"loc":{"start":{"line":191,"column":18},"end":{"line":197,"column":null}}},"4":{"name":"(anonymous_4)","decl":{"start":{"line":201,"column":6},"end":{"line":201,"column":40}},"loc":{"start":{"line":201,"column":45},"end":{"line":207,"column":null}}},"5":{"name":"(anonymous_5)","decl":{"start":{"line":209,"column":4},"end":{"line":209,"column":14}},"loc":{"start":{"line":209,"column":14},"end":{"line":211,"column":null}}},"6":{"name":"(anonymous_6)","decl":{"start":{"line":213,"column":6},"end":{"line":213,"column":19}},"loc":{"start":{"line":213,"column":19},"end":{"line":217,"column":null}}},"7":{"name":"(anonymous_7)","decl":{"start":{"line":214,"column":31},"end":{"line":214,"column":36}},"loc":{"start":{"line":214,"column":36},"end":{"line":216,"column":9}}},"8":{"name":"(anonymous_8)","decl":{"start":{"line":218,"column":6},"end":{"line":218,"column":22}},"loc":{"start":{"line":218,"column":22},"end":{"line":224,"column":null}}},"9":{"name":"(anonymous_9)","decl":{"start":{"line":225,"column":6},"end":{"line":225,"column":22}},"loc":{"start":{"line":225,"column":22},"end":{"line":230,"column":null}}},"10":{"name":"(anonymous_10)","decl":{"start":{"line":231,"column":6},"end":{"line":231,"column":16}},"loc":{"start":{"line":231,"column":16},"end":{"line":236,"column":null}}},"11":{"name":"(anonymous_11)","decl":{"start":{"line":237,"column":6},"end":{"line":237,"column":17}},"loc":{"start":{"line":237,"column":17},"end":{"line":246,"column":null}}},"12":{"name":"(anonymous_12)","decl":{"start":{"line":247,"column":6},"end":{"line":247,"column":15}},"loc":{"start":{"line":247,"column":18},"end":{"line":267,"column":null}}},"13":{"name":"(anonymous_13)","decl":{"start":{"line":251,"column":24},"end":{"line":251,"column":31}},"loc":{"start":{"line":251,"column":31},"end":{"line":265,"column":null}}}},"branchMap":{"0":{"loc":{"start":{"line":66,"column":17},"end":{"line":66,"column":null}},"type":"binary-expr","locations":[{"start":{"line":66,"column":17},"end":{"line":66,"column":35}},{"start":{"line":66,"column":35},"end":{"line":66,"column":null}}]},"1":{"loc":{"start":{"line":67,"column":19},"end":{"line":67,"column":null}},"type":"binary-expr","locations":[{"start":{"line":67,"column":19},"end":{"line":67,"column":39}},{"start":{"line":67,"column":39},"end":{"line":67,"column":null}}]},"2":{"loc":{"start":{"line":111,"column":6},"end":{"line":125,"column":null}},"type":"if","locations":[{"start":{"line":111,"column":6},"end":{"line":125,"column":null}},{"start":{"line":120,"column":6},"end":{"line":125,"column":null}}]},"3":{"loc":{"start":{"line":114,"column":10},"end":{"line":118,"column":null}},"type":"if","locations":[{"start":{"line":114,"column":10},"end":{"line":118,"column":null}},{"start":{},"end":{}}]},"4":{"loc":{"start":{"line":114,"column":14},"end":{"line":114,"column":42}},"type":"binary-expr","locations":[{"start":{"line":114,"column":14},"end":{"line":114,"column":29}},{"start":{"line":114,"column":29},"end":{"line":114,"column":42}}]},"5":{"loc":{"start":{"line":120,"column":6},"end":{"line":125,"column":null}},"type":"if","locations":[{"start":{"line":120,"column":6},"end":{"line":125,"column":null}},{"start":{"line":123,"column":13},"end":{"line":125,"column":null}}]},"6":{"loc":{"start":{"line":127,"column":6},"end":{"line":130,"column":null}},"type":"if","locations":[{"start":{"line":127,"column":6},"end":{"line":130,"column":null}},{"start":{},"end":{}}]},"7":{"loc":{"start":{"line":127,"column":10},"end":{"line":127,"column":47}},"type":"binary-expr","locations":[{"start":{"line":127,"column":10},"end":{"line":127,"column":22}},{"start":{"line":127,"column":22},"end":{"line":127,"column":47}}]},"8":{"loc":{"start":{"line":131,"column":13},"end":{"line":179,"column":null}},"type":"cond-expr","locations":[{"start":{"line":132,"column":10},"end":{"line":155,"column":null}},{"start":{"line":156,"column":10},"end":{"line":179,"column":null}}]},"9":{"loc":{"start":{"line":183,"column":8},"end":{"line":188,"column":null}},"type":"if","locations":[{"start":{"line":183,"column":8},"end":{"line":188,"column":null}},{"start":{},"end":{}}]},"10":{"loc":{"start":{"line":186,"column":10},"end":{"line":186,"column":null}},"type":"if","locations":[{"start":{"line":186,"column":10},"end":{"line":186,"column":null}},{"start":{},"end":{}}]},"11":{"loc":{"start":{"line":194,"column":10},"end":{"line":196,"column":null}},"type":"if","locations":[{"start":{"line":194,"column":10},"end":{"line":196,"column":null}},{"start":{},"end":{}}]},"12":{"loc":{"start":{"line":202,"column":8},"end":{"line":206,"column":null}},"type":"if","locations":[{"start":{"line":202,"column":8},"end":{"line":206,"column":null}},{"start":{"line":204,"column":15},"end":{"line":206,"column":null}}]},"13":{"loc":{"start":{"line":221,"column":8},"end":{"line":223,"column":null}},"type":"if","locations":[{"start":{"line":221,"column":8},"end":{"line":223,"column":null}},{"start":{},"end":{}}]},"14":{"loc":{"start":{"line":226,"column":8},"end":{"line":229,"column":null}},"type":"if","locations":[{"start":{"line":226,"column":8},"end":{"line":229,"column":null}},{"start":{},"end":{}}]},"15":{"loc":{"start":{"line":249,"column":8},"end":{"line":249,"column":null}},"type":"if","locations":[{"start":{"line":249,"column":8},"end":{"line":249,"column":null}},{"start":{},"end":{}}]},"16":{"loc":{"start":{"line":253,"column":27},"end":{"line":253,"column":null}},"type":"cond-expr","locations":[{"start":{"line":253,"column":61},"end":{"line":253,"column":81}},{"start":{"line":253,"column":81},"end":{"line":253,"column":null}}]},"17":{"loc":{"start":{"line":253,"column":27},"end":{"line":253,"column":61}},"type":"binary-expr","locations":[{"start":{"line":253,"column":27},"end":{"line":253,"column":41}},{"start":{"line":253,"column":41},"end":{"line":253,"column":61}}]},"18":{"loc":{"start":{"line":254,"column":12},"end":{"line":254,"column":null}},"type":"if","locations":[{"start":{"line":254,"column":12},"end":{"line":254,"column":null}},{"start":{},"end":{}}]},"19":{"loc":{"start":{"line":256,"column":12},"end":{"line":261,"column":null}},"type":"if","locations":[{"start":{"line":256,"column":12},"end":{"line":261,"column":null}},{"start":{},"end":{}}]}},"s":{"0":0,"1":0,"2":0,"3":0,"4":0,"5":0,"6":0,"7":0,"8":0,"9":0,"10":0,"11":0,"12":0,"13":0,"14":0,"15":0,"16":0,"17":0,"18":0,"19":0,"20":0,"21":0,"22":0,"23":0,"24":0,"25":0,"26":0,"27":0,"28":0,"29":0,"30":0,"31":0,"32":0,"33":0,"34":0,"35":0,"36":0,"37":0,"38":0,"39":0,"40":0,"41":0,"42":0,"43":0,"44":0,"45":0,"46":0,"47":0,"48":0,"49":0,"50":0,"51":0,"52":0,"53":0,"54":0,"55":0,"56":0,"57":0,"58":0,"59":0,"60":0,"61":0,"62":0,"63":0,"64":0,"65":0,"66":0,"67":0,"68":0,"69":0,"70":0,"71":0,"72":0,"73":0,"74":0,"75":0,"76":0},"f":{"0":0,"1":0,"2":0,"3":0,"4":0,"5":0,"6":0,"7":0,"8":0,"9":0,"10":0,"11":0,"12":0,"13":0},"b":{"0":[0,0],"1":[0,0],"2":[0,0],"3":[0,0],"4":[0,0],"5":[0,0],"6":[0,0],"7":[0,0],"8":[0,0],"9":[0,0],"10":[0,0],"11":[0,0],"12":[0,0],"13":[0,0],"14":[0,0],"15":[0,0],"16":[0,0],"17":[0,0],"18":[0,0],"19":[0,0]}}
,"/Users/angck/open-source/universe-vue-template/stories/Page.stories.ts": {"path":"/Users/angck/open-source/universe-vue-template/stories/Page.stories.ts","statementMap":{"0":{"start":{"line":7,"column":13},"end":{"line":20,"column":null}},"1":{"start":{"line":10,"column":17},"end":{"line":13,"column":null}},"2":{"start":{"line":26,"column":31},"end":{"line":37,"column":null}},"3":{"start":{"line":28,"column":19},"end":{"line":28,"column":null}},"4":{"start":{"line":29,"column":24},"end":{"line":29,"column":null}},"5":{"start":{"line":30,"column":4},"end":{"line":30,"column":null}},"6":{"start":{"line":31,"column":4},"end":{"line":31,"column":null}},"7":{"start":{"line":32,"column":4},"end":{"line":32,"column":null}},"8":{"start":{"line":34,"column":25},"end":{"line":34,"column":null}},"9":{"start":{"line":35,"column":4},"end":{"line":35,"column":null}},"10":{"start":{"line":39,"column":32},"end":{"line":39,"column":null}}},"fnMap":{"0":{"name":"(anonymous_0)","decl":{"start":{"line":10,"column":10},"end":{"line":10,"column":17}},"loc":{"start":{"line":10,"column":17},"end":{"line":13,"column":null}}},"1":{"name":"(anonymous_1)","decl":{"start":{"line":27,"column":8},"end":{"line":27,"column":15}},"loc":{"start":{"line":27,"column":42},"end":{"line":36,"column":null}}}},"branchMap":{},"s":{"0":0,"1":0,"2":0,"3":0,"4":0,"5":0,"6":0,"7":0,"8":0,"9":0,"10":0},"f":{"0":0,"1":0},"b":{}}
,"/Users/angck/open-source/universe-vue-template/stories/Page.vue": {"path":"/Users/angck/open-source/universe-vue-template/stories/Page.vue","statementMap":{"0":{"start":{"line":62,"column":13},"end":{"line":62,"column":null}},"1":{"start":{"line":64,"column":16},"end":{"line":66,"column":null}},"2":{"start":{"line":65,"column":2},"end":{"line":65,"column":null}},"3":{"start":{"line":67,"column":17},"end":{"line":69,"column":null}},"4":{"start":{"line":68,"column":2},"end":{"line":68,"column":null}},"5":{"start":{"line":70,"column":24},"end":{"line":72,"column":null}},"6":{"start":{"line":71,"column":2},"end":{"line":71,"column":null}}},"fnMap":{"0":{"name":"(anonymous_1)","decl":{"start":{"line":64,"column":16},"end":{"line":64,"column":22}},"loc":{"start":{"line":64,"column":22},"end":{"line":66,"column":null}}},"1":{"name":"(anonymous_2)","decl":{"start":{"line":67,"column":17},"end":{"line":67,"column":23}},"loc":{"start":{"line":67,"column":23},"end":{"line":69,"column":null}}},"2":{"name":"(anonymous_3)","decl":{"start":{"line":70,"column":24},"end":{"line":70,"column":30}},"loc":{"start":{"line":70,"column":30},"end":{"line":72,"column":null}}}},"branchMap":{},"s":{"0":0,"1":0,"2":0,"3":0,"4":0,"5":0,"6":0},"f":{"0":0,"1":0,"2":0},"b":{}}
}
